Using pre-set license
Built from '2021.3/staging' branch; Version is '2021.3.11f1 (0a5ca18544bf) revision 679073'; Using compiler version '192829333'; Build Type 'Release'
OS: 'Windows 10  (10.0.19044) 64bit Professional' Language: 'zh' Physical Memory: 32653 MB
BatchMode: 1, IsHumanControllingUs: 0, StartBugReporterOnCrash: 0, Is64bit: 1, IsPro: 1

COMMAND LINE ARGUMENTS:
D:\unity安装\2021.3.11f1\Editor\Unity.exe
-adb2
-batchMode
-noUpm
-name
AssetImportWorker1
-projectPath
C:/Users/qq825/Downloads/12341/自定义按键
-logFile
Logs/AssetImportWorker1.log
-srvPort
52688
Successfully changed project path to: C:/Users/qq825/Downloads/12341/自定义按键
C:/Users/qq825/Downloads/12341/自定义按键
[UnityMemory] Configuration Parameters - Can be set up in boot.config
    "memorysetup-bucket-allocator-granularity=16"
    "memorysetup-bucket-allocator-bucket-count=8"
    "memorysetup-bucket-allocator-block-size=33554432"
    "memorysetup-bucket-allocator-block-count=8"
    "memorysetup-main-allocator-block-size=16777216"
    "memorysetup-thread-allocator-block-size=16777216"
    "memorysetup-gfx-main-allocator-block-size=16777216"
    "memorysetup-gfx-thread-allocator-block-size=16777216"
    "memorysetup-cache-allocator-block-size=4194304"
    "memorysetup-typetree-allocator-block-size=2097152"
    "memorysetup-profiler-bucket-allocator-granularity=16"
    "memorysetup-profiler-bucket-allocator-bucket-count=8"
    "memorysetup-profiler-bucket-allocator-block-size=33554432"
    "memorysetup-profiler-bucket-allocator-block-count=8"
    "memorysetup-profiler-allocator-block-size=16777216"
    "memorysetup-profiler-editor-allocator-block-size=1048576"
    "memorysetup-temp-allocator-size-main=16777216"
    "memorysetup-job-temp-allocator-block-size=2097152"
    "memorysetup-job-temp-allocator-block-size-background=1048576"
    "memorysetup-job-temp-allocator-reduction-small-platforms=262144"
    "memorysetup-temp-allocator-size-background-worker=32768"
    "memorysetup-temp-allocator-size-job-worker=262144"
    "memorysetup-temp-allocator-size-preload-manager=33554432"
    "memorysetup-temp-allocator-size-nav-mesh-worker=65536"
    "memorysetup-temp-allocator-size-audio-worker=65536"
    "memorysetup-temp-allocator-size-cloud-worker=32768"
    "memorysetup-temp-allocator-size-gi-baking-worker=262144"
    "memorysetup-temp-allocator-size-gfx=262144"
Refreshing native plugins compatible for Editor in 28.09 ms, found 2 plugins.
Preloading 0 native plugins for Editor in 0.00 ms.
Initialize engine version: 2021.3.11f1 (0a5ca18544bf)
[Subsystems] Discovering subsystems at path D:/unity安装/2021.3.11f1/Editor/Data/Resources/UnitySubsystems
[Subsystems] Discovering subsystems at path C:/Users/qq825/Downloads/12341/自定义按键/Assets
GfxDevice: creating device client; threaded=0; jobified=0
Direct3D:
    Version:  Direct3D 11.0 [level 11.1]
    Renderer: NVIDIA GeForce RTX 3070 Ti (ID=0x2482)
    Vendor:   NVIDIA
    VRAM:     8041 MB
    Driver:   30.0.15.1215
Initialize mono
Mono path[0] = 'D:/unity安装/2021.3.11f1/Editor/Data/Managed'
Mono path[1] = 'D:/unity安装/2021.3.11f1/Editor/Data/MonoBleedingEdge/lib/mono/unityjit-win32'
Mono config path = 'D:/unity安装/2021.3.11f1/Editor/Data/MonoBleedingEdge/etc'
Using monoOptions --debugger-agent=transport=dt_socket,embedding=1,server=y,suspend=n,address=127.0.0.1:56024
Begin MonoManager ReloadAssembly
Registering precompiled unity dll's ...
Register platform support module: D:/unity安装/2021.3.11f1/Editor/Data/PlaybackEngines/WindowsStandaloneSupport/UnityEditor.WindowsStandalone.Extensions.dll
Registered in 0.003452 seconds.
Native extension for WindowsStandalone target not found
Refreshing native plugins compatible for Editor in 21.58 ms, found 2 plugins.
Preloading 0 native plugins for Editor in 0.00 ms.
Mono: successfully reloaded assembly
- Completed reload, in  0.484 seconds
Domain Reload Profiling:
	ReloadAssembly (484ms)
		BeginReloadAssembly (62ms)
			ExecutionOrderSort (0ms)
			DisableScriptedObjects (0ms)
			BackupInstance (0ms)
			ReleaseScriptingObjects (0ms)
			CreateAndSetChildDomain (1ms)
		EndReloadAssembly (325ms)
			LoadAssemblies (61ms)
			RebuildTransferFunctionScriptingTraits (0ms)
			SetupTypeCache (85ms)
			ReleaseScriptCaches (0ms)
			RebuildScriptCaches (23ms)
			SetupLoadedEditorAssemblies (178ms)
				LogAssemblyErrors (0ms)
				InitializePlatformSupportModulesInManaged (5ms)
				SetLoadedEditorAssemblies (0ms)
				RefreshPlugins (22ms)
				BeforeProcessingInitializeOnLoad (1ms)
				ProcessInitializeOnLoadAttributes (105ms)
				ProcessInitializeOnLoadMethodAttributes (44ms)
				AfterProcessingInitializeOnLoad (0ms)
				EditorAssembliesLoaded (0ms)
			ExecutionOrderSort2 (0ms)
			AwakeInstancesAfterBackupRestoration (0ms)
Platform modules already initialized, skipping
Registering precompiled user dll's ...
Registered in 0.003200 seconds.
Begin MonoManager ReloadAssembly
Native extension for WindowsStandalone target not found
Refreshing native plugins compatible for Editor in 0.38 ms, found 2 plugins.
Preloading 0 native plugins for Editor in 0.00 ms.
Mono: successfully reloaded assembly
- Completed reload, in  0.621 seconds
Domain Reload Profiling:
	ReloadAssembly (621ms)
		BeginReloadAssembly (91ms)
			ExecutionOrderSort (0ms)
			DisableScriptedObjects (5ms)
			BackupInstance (0ms)
			ReleaseScriptingObjects (0ms)
			CreateAndSetChildDomain (21ms)
		EndReloadAssembly (441ms)
			LoadAssemblies (57ms)
			RebuildTransferFunctionScriptingTraits (0ms)
			SetupTypeCache (127ms)
			ReleaseScriptCaches (0ms)
			RebuildScriptCaches (29ms)
			SetupLoadedEditorAssemblies (208ms)
				LogAssemblyErrors (0ms)
				InitializePlatformSupportModulesInManaged (3ms)
				SetLoadedEditorAssemblies (0ms)
				RefreshPlugins (0ms)
				BeforeProcessingInitializeOnLoad (36ms)
				ProcessInitializeOnLoadAttributes (143ms)
				ProcessInitializeOnLoadMethodAttributes (23ms)
				AfterProcessingInitializeOnLoad (2ms)
				EditorAssembliesLoaded (0ms)
			ExecutionOrderSort2 (0ms)
			AwakeInstancesAfterBackupRestoration (4ms)
Platform modules already initialized, skipping
========================================================================
Worker process is ready to serve import requests
Launched and connected shader compiler UnityShaderCompiler.exe after 0.05 seconds
Refreshing native plugins compatible for Editor in 0.71 ms, found 2 plugins.
Preloading 0 native plugins for Editor in 0.00 ms.
Unloading 1725 Unused Serialized files (Serialized files now loaded: 0)
Unloading 19 unused Assets / (56.5 KB). Loaded Objects now: 2191.
Memory consumption went from 77.7 MB to 77.7 MB.
Total: 2.524900 ms (FindLiveObjects: 0.201100 ms CreateObjectMapping: 0.051300 ms MarkObjects: 2.200200 ms  DeleteObjects: 0.071500 ms)

AssetImportParameters requested are different than current active one (requested -> active):
  custom:video-decoder-ogg-theora: a1e56fd34408186e4bbccfd4996cb3dc -> 
  custom:container-muxer-webm: aa71ff27fc2769a1b78a27578f13a17b -> 
  custom:container-demuxer-webm: 4f35f7cbe854078d1ac9338744f61a02 -> 
  custom:video-encoder-webm-vp8: eb34c28f22e8b96e1ab97ce403110664 -> 
  custom:audio-encoder-webm-vorbis: bf7c407c2cedff20999df2af8eb42d56 -> 
  custom:framework-win-MediaFoundation: 216162199b28c13a410421893ffa2e32 -> 
  custom:container-demuxer-ogg: 62fdf1f143b41e24485cea50d1cbac27 -> 
  custom:video-decoder-webm-vp8: 9c59270c3fd7afecdb556c50c9e8de78 -> 
  custom:audio-decoder-ogg-vorbis: bf7c407c2cedff20999df2af8eb42d56 -> 
========================================================================
Received Prepare
Registering precompiled user dll's ...
Registered in 0.002739 seconds.
Begin MonoManager ReloadAssembly
Native extension for WindowsStandalone target not found
Refreshing native plugins compatible for Editor in 0.40 ms, found 2 plugins.
Preloading 0 native plugins for Editor in 0.00 ms.
Mono: successfully reloaded assembly
- Completed reload, in  0.636 seconds
Domain Reload Profiling:
	ReloadAssembly (636ms)
		BeginReloadAssembly (98ms)
			ExecutionOrderSort (0ms)
			DisableScriptedObjects (5ms)
			BackupInstance (0ms)
			ReleaseScriptingObjects (0ms)
			CreateAndSetChildDomain (28ms)
		EndReloadAssembly (469ms)
			LoadAssemblies (57ms)
			RebuildTransferFunctionScriptingTraits (0ms)
			SetupTypeCache (133ms)
			ReleaseScriptCaches (1ms)
			RebuildScriptCaches (32ms)
			SetupLoadedEditorAssemblies (216ms)
				LogAssemblyErrors (0ms)
				InitializePlatformSupportModulesInManaged (9ms)
				SetLoadedEditorAssemblies (0ms)
				RefreshPlugins (0ms)
				BeforeProcessingInitializeOnLoad (39ms)
				ProcessInitializeOnLoadAttributes (144ms)
				ProcessInitializeOnLoadMethodAttributes (20ms)
				AfterProcessingInitializeOnLoad (2ms)
				EditorAssembliesLoaded (0ms)
			ExecutionOrderSort2 (0ms)
			AwakeInstancesAfterBackupRestoration (4ms)
Platform modules already initialized, skipping
Refreshing native plugins compatible for Editor in 2.02 ms, found 2 plugins.
Preloading 0 native plugins for Editor in 0.00 ms.
Unloading 1720 Unused Serialized files (Serialized files now loaded: 0)
Unloading 12 unused Assets / (31.7 KB). Loaded Objects now: 2194.
Memory consumption went from 77.6 MB to 77.6 MB.
Total: 3.439500 ms (FindLiveObjects: 0.261300 ms CreateObjectMapping: 0.054500 ms MarkObjects: 3.098200 ms  DeleteObjects: 0.024400 ms)

AssetImportParameters requested are different than current active one (requested -> active):
  custom:video-decoder-ogg-theora: a1e56fd34408186e4bbccfd4996cb3dc -> 
  custom:container-muxer-webm: aa71ff27fc2769a1b78a27578f13a17b -> 
  custom:container-demuxer-webm: 4f35f7cbe854078d1ac9338744f61a02 -> 
  custom:video-encoder-webm-vp8: eb34c28f22e8b96e1ab97ce403110664 -> 
  custom:audio-encoder-webm-vorbis: bf7c407c2cedff20999df2af8eb42d56 -> 
  custom:framework-win-MediaFoundation: 216162199b28c13a410421893ffa2e32 -> 
  custom:container-demuxer-ogg: 62fdf1f143b41e24485cea50d1cbac27 -> 
  custom:video-decoder-webm-vp8: 9c59270c3fd7afecdb556c50c9e8de78 -> 
  custom:audio-decoder-ogg-vorbis: bf7c407c2cedff20999df2af8eb42d56 -> 
========================================================================
Received Prepare
Registering precompiled user dll's ...
Registered in 0.002472 seconds.
Begin MonoManager ReloadAssembly
Native extension for WindowsStandalone target not found
Refreshing native plugins compatible for Editor in 0.36 ms, found 2 plugins.
Preloading 0 native plugins for Editor in 0.00 ms.
Mono: successfully reloaded assembly
- Completed reload, in  0.631 seconds
Domain Reload Profiling:
	ReloadAssembly (632ms)
		BeginReloadAssembly (94ms)
			ExecutionOrderSort (0ms)
			DisableScriptedObjects (4ms)
			BackupInstance (0ms)
			ReleaseScriptingObjects (0ms)
			CreateAndSetChildDomain (26ms)
		EndReloadAssembly (464ms)
			LoadAssemblies (50ms)
			RebuildTransferFunctionScriptingTraits (0ms)
			SetupTypeCache (124ms)
			ReleaseScriptCaches (1ms)
			RebuildScriptCaches (37ms)
			SetupLoadedEditorAssemblies (217ms)
				LogAssemblyErrors (0ms)
				InitializePlatformSupportModulesInManaged (11ms)
				SetLoadedEditorAssemblies (0ms)
				RefreshPlugins (0ms)
				BeforeProcessingInitializeOnLoad (39ms)
				ProcessInitializeOnLoadAttributes (142ms)
				ProcessInitializeOnLoadMethodAttributes (23ms)
				AfterProcessingInitializeOnLoad (3ms)
				EditorAssembliesLoaded (0ms)
			ExecutionOrderSort2 (0ms)
			AwakeInstancesAfterBackupRestoration (5ms)
Platform modules already initialized, skipping
Refreshing native plugins compatible for Editor in 1.83 ms, found 2 plugins.
Preloading 0 native plugins for Editor in 0.00 ms.
Unloading 1720 Unused Serialized files (Serialized files now loaded: 0)
Unloading 12 unused Assets / (31.7 KB). Loaded Objects now: 2197.
Memory consumption went from 77.6 MB to 77.6 MB.
Total: 2.629800 ms (FindLiveObjects: 0.272100 ms CreateObjectMapping: 0.039700 ms MarkObjects: 2.298000 ms  DeleteObjects: 0.018900 ms)

AssetImportParameters requested are different than current active one (requested -> active):
  custom:video-decoder-ogg-theora: a1e56fd34408186e4bbccfd4996cb3dc -> 
  custom:container-muxer-webm: aa71ff27fc2769a1b78a27578f13a17b -> 
  custom:container-demuxer-webm: 4f35f7cbe854078d1ac9338744f61a02 -> 
  custom:video-encoder-webm-vp8: eb34c28f22e8b96e1ab97ce403110664 -> 
  custom:audio-encoder-webm-vorbis: bf7c407c2cedff20999df2af8eb42d56 -> 
  custom:framework-win-MediaFoundation: 216162199b28c13a410421893ffa2e32 -> 
  custom:container-demuxer-ogg: 62fdf1f143b41e24485cea50d1cbac27 -> 
  custom:video-decoder-webm-vp8: 9c59270c3fd7afecdb556c50c9e8de78 -> 
  custom:audio-decoder-ogg-vorbis: bf7c407c2cedff20999df2af8eb42d56 -> 
========================================================================
Received Prepare
Registering precompiled user dll's ...
Registered in 0.002989 seconds.
Begin MonoManager ReloadAssembly
Native extension for WindowsStandalone target not found
Refreshing native plugins compatible for Editor in 0.39 ms, found 2 plugins.
Preloading 0 native plugins for Editor in 0.00 ms.
Mono: successfully reloaded assembly
- Completed reload, in  0.627 seconds
Domain Reload Profiling:
	ReloadAssembly (628ms)
		BeginReloadAssembly (93ms)
			ExecutionOrderSort (0ms)
			DisableScriptedObjects (4ms)
			BackupInstance (0ms)
			ReleaseScriptingObjects (0ms)
			CreateAndSetChildDomain (25ms)
		EndReloadAssembly (458ms)
			LoadAssemblies (52ms)
			RebuildTransferFunctionScriptingTraits (0ms)
			SetupTypeCache (127ms)
			ReleaseScriptCaches (1ms)
			RebuildScriptCaches (29ms)
			SetupLoadedEditorAssemblies (219ms)
				LogAssemblyErrors (0ms)
				InitializePlatformSupportModulesInManaged (8ms)
				SetLoadedEditorAssemblies (0ms)
				RefreshPlugins (0ms)
				BeforeProcessingInitializeOnLoad (39ms)
				ProcessInitializeOnLoadAttributes (146ms)
				ProcessInitializeOnLoadMethodAttributes (22ms)
				AfterProcessingInitializeOnLoad (2ms)
				EditorAssembliesLoaded (0ms)
			ExecutionOrderSort2 (0ms)
			AwakeInstancesAfterBackupRestoration (5ms)
Platform modules already initialized, skipping
Refreshing native plugins compatible for Editor in 1.93 ms, found 2 plugins.
Preloading 0 native plugins for Editor in 0.00 ms.
Unloading 1720 Unused Serialized files (Serialized files now loaded: 0)
Unloading 12 unused Assets / (31.8 KB). Loaded Objects now: 2200.
Memory consumption went from 77.6 MB to 77.6 MB.
Total: 2.443500 ms (FindLiveObjects: 0.225800 ms CreateObjectMapping: 0.043500 ms MarkObjects: 2.156500 ms  DeleteObjects: 0.016700 ms)

AssetImportParameters requested are different than current active one (requested -> active):
  custom:video-decoder-ogg-theora: a1e56fd34408186e4bbccfd4996cb3dc -> 
  custom:container-muxer-webm: aa71ff27fc2769a1b78a27578f13a17b -> 
  custom:container-demuxer-webm: 4f35f7cbe854078d1ac9338744f61a02 -> 
  custom:video-encoder-webm-vp8: eb34c28f22e8b96e1ab97ce403110664 -> 
  custom:audio-encoder-webm-vorbis: bf7c407c2cedff20999df2af8eb42d56 -> 
  custom:framework-win-MediaFoundation: 216162199b28c13a410421893ffa2e32 -> 
  custom:container-demuxer-ogg: 62fdf1f143b41e24485cea50d1cbac27 -> 
  custom:video-decoder-webm-vp8: 9c59270c3fd7afecdb556c50c9e8de78 -> 
  custom:audio-decoder-ogg-vorbis: bf7c407c2cedff20999df2af8eb42d56 -> 
========================================================================
Received Prepare
Registering precompiled user dll's ...
Registered in 0.002902 seconds.
Begin MonoManager ReloadAssembly
Native extension for WindowsStandalone target not found
Refreshing native plugins compatible for Editor in 0.31 ms, found 2 plugins.
Preloading 0 native plugins for Editor in 0.00 ms.
Mono: successfully reloaded assembly
- Completed reload, in  0.613 seconds
Domain Reload Profiling:
	ReloadAssembly (614ms)
		BeginReloadAssembly (92ms)
			ExecutionOrderSort (0ms)
			DisableScriptedObjects (4ms)
			BackupInstance (0ms)
			ReleaseScriptingObjects (0ms)
			CreateAndSetChildDomain (27ms)
		EndReloadAssembly (456ms)
			LoadAssemblies (51ms)
			RebuildTransferFunctionScriptingTraits (0ms)
			SetupTypeCache (121ms)
			ReleaseScriptCaches (1ms)
			RebuildScriptCaches (27ms)
			SetupLoadedEditorAssemblies (225ms)
				LogAssemblyErrors (0ms)
				InitializePlatformSupportModulesInManaged (8ms)
				SetLoadedEditorAssemblies (0ms)
				RefreshPlugins (0ms)
				BeforeProcessingInitializeOnLoad (37ms)
				ProcessInitializeOnLoadAttributes (151ms)
				ProcessInitializeOnLoadMethodAttributes (25ms)
				AfterProcessingInitializeOnLoad (3ms)
				EditorAssembliesLoaded (0ms)
			ExecutionOrderSort2 (0ms)
			AwakeInstancesAfterBackupRestoration (5ms)
Platform modules already initialized, skipping
Refreshing native plugins compatible for Editor in 1.87 ms, found 2 plugins.
Preloading 0 native plugins for Editor in 0.00 ms.
Unloading 1720 Unused Serialized files (Serialized files now loaded: 0)
Unloading 12 unused Assets / (31.8 KB). Loaded Objects now: 2203.
Memory consumption went from 77.6 MB to 77.6 MB.
Total: 2.994800 ms (FindLiveObjects: 0.219500 ms CreateObjectMapping: 0.046100 ms MarkObjects: 2.710400 ms  DeleteObjects: 0.018200 ms)

AssetImportParameters requested are different than current active one (requested -> active):
  custom:video-decoder-ogg-theora: a1e56fd34408186e4bbccfd4996cb3dc -> 
  custom:container-muxer-webm: aa71ff27fc2769a1b78a27578f13a17b -> 
  custom:container-demuxer-webm: 4f35f7cbe854078d1ac9338744f61a02 -> 
  custom:video-encoder-webm-vp8: eb34c28f22e8b96e1ab97ce403110664 -> 
  custom:audio-encoder-webm-vorbis: bf7c407c2cedff20999df2af8eb42d56 -> 
  custom:framework-win-MediaFoundation: 216162199b28c13a410421893ffa2e32 -> 
  custom:container-demuxer-ogg: 62fdf1f143b41e24485cea50d1cbac27 -> 
  custom:video-decoder-webm-vp8: 9c59270c3fd7afecdb556c50c9e8de78 -> 
  custom:audio-decoder-ogg-vorbis: bf7c407c2cedff20999df2af8eb42d56 -> 
========================================================================
Received Prepare
Registering precompiled user dll's ...
Registered in 0.002470 seconds.
Begin MonoManager ReloadAssembly
Native extension for WindowsStandalone target not found
Refreshing native plugins compatible for Editor in 0.41 ms, found 2 plugins.
Preloading 0 native plugins for Editor in 0.00 ms.
Mono: successfully reloaded assembly
- Completed reload, in  0.606 seconds
Domain Reload Profiling:
	ReloadAssembly (606ms)
		BeginReloadAssembly (92ms)
			ExecutionOrderSort (0ms)
			DisableScriptedObjects (4ms)
			BackupInstance (0ms)
			ReleaseScriptingObjects (0ms)
			CreateAndSetChildDomain (26ms)
		EndReloadAssembly (449ms)
			LoadAssemblies (54ms)
			RebuildTransferFunctionScriptingTraits (0ms)
			SetupTypeCache (126ms)
			ReleaseScriptCaches (1ms)
			RebuildScriptCaches (28ms)
			SetupLoadedEditorAssemblies (214ms)
				LogAssemblyErrors (0ms)
				InitializePlatformSupportModulesInManaged (9ms)
				SetLoadedEditorAssemblies (0ms)
				RefreshPlugins (0ms)
				BeforeProcessingInitializeOnLoad (38ms)
				ProcessInitializeOnLoadAttributes (139ms)
				ProcessInitializeOnLoadMethodAttributes (25ms)
				AfterProcessingInitializeOnLoad (3ms)
				EditorAssembliesLoaded (0ms)
			ExecutionOrderSort2 (0ms)
			AwakeInstancesAfterBackupRestoration (5ms)
Platform modules already initialized, skipping
Refreshing native plugins compatible for Editor in 1.93 ms, found 2 plugins.
Preloading 0 native plugins for Editor in 0.00 ms.
Unloading 1720 Unused Serialized files (Serialized files now loaded: 0)
Unloading 12 unused Assets / (31.8 KB). Loaded Objects now: 2206.
Memory consumption went from 77.6 MB to 77.6 MB.
Total: 2.649500 ms (FindLiveObjects: 0.230200 ms CreateObjectMapping: 0.047200 ms MarkObjects: 2.354900 ms  DeleteObjects: 0.016400 ms)

AssetImportParameters requested are different than current active one (requested -> active):
  custom:video-decoder-ogg-theora: a1e56fd34408186e4bbccfd4996cb3dc -> 
  custom:container-muxer-webm: aa71ff27fc2769a1b78a27578f13a17b -> 
  custom:container-demuxer-webm: 4f35f7cbe854078d1ac9338744f61a02 -> 
  custom:video-encoder-webm-vp8: eb34c28f22e8b96e1ab97ce403110664 -> 
  custom:audio-encoder-webm-vorbis: bf7c407c2cedff20999df2af8eb42d56 -> 
  custom:framework-win-MediaFoundation: 216162199b28c13a410421893ffa2e32 -> 
  custom:container-demuxer-ogg: 62fdf1f143b41e24485cea50d1cbac27 -> 
  custom:video-decoder-webm-vp8: 9c59270c3fd7afecdb556c50c9e8de78 -> 
  custom:audio-decoder-ogg-vorbis: bf7c407c2cedff20999df2af8eb42d56 -> 
========================================================================
Received Prepare
Registering precompiled user dll's ...
Registered in 0.003176 seconds.
Begin MonoManager ReloadAssembly
Native extension for WindowsStandalone target not found
Refreshing native plugins compatible for Editor in 0.37 ms, found 2 plugins.
Preloading 0 native plugins for Editor in 0.00 ms.
Mono: successfully reloaded assembly
- Completed reload, in  0.612 seconds
Domain Reload Profiling:
	ReloadAssembly (612ms)
		BeginReloadAssembly (92ms)
			ExecutionOrderSort (0ms)
			DisableScriptedObjects (4ms)
			BackupInstance (0ms)
			ReleaseScriptingObjects (0ms)
			CreateAndSetChildDomain (26ms)
		EndReloadAssembly (456ms)
			LoadAssemblies (54ms)
			RebuildTransferFunctionScriptingTraits (0ms)
			SetupTypeCache (124ms)
			ReleaseScriptCaches (1ms)
			RebuildScriptCaches (31ms)
			SetupLoadedEditorAssemblies (216ms)
				LogAssemblyErrors (0ms)
				InitializePlatformSupportModulesInManaged (8ms)
				SetLoadedEditorAssemblies (0ms)
				RefreshPlugins (0ms)
				BeforeProcessingInitializeOnLoad (42ms)
				ProcessInitializeOnLoadAttributes (142ms)
				ProcessInitializeOnLoadMethodAttributes (21ms)
				AfterProcessingInitializeOnLoad (2ms)
				EditorAssembliesLoaded (0ms)
			ExecutionOrderSort2 (0ms)
			AwakeInstancesAfterBackupRestoration (4ms)
Platform modules already initialized, skipping
Refreshing native plugins compatible for Editor in 2.03 ms, found 2 plugins.
Preloading 0 native plugins for Editor in 0.00 ms.
Unloading 1720 Unused Serialized files (Serialized files now loaded: 0)
Unloading 12 unused Assets / (31.7 KB). Loaded Objects now: 2209.
Memory consumption went from 77.7 MB to 77.6 MB.
Total: 2.747900 ms (FindLiveObjects: 0.378100 ms CreateObjectMapping: 0.053100 ms MarkObjects: 2.298100 ms  DeleteObjects: 0.017500 ms)

AssetImportParameters requested are different than current active one (requested -> active):
  custom:video-decoder-ogg-theora: a1e56fd34408186e4bbccfd4996cb3dc -> 
  custom:container-muxer-webm: aa71ff27fc2769a1b78a27578f13a17b -> 
  custom:container-demuxer-webm: 4f35f7cbe854078d1ac9338744f61a02 -> 
  custom:video-encoder-webm-vp8: eb34c28f22e8b96e1ab97ce403110664 -> 
  custom:audio-encoder-webm-vorbis: bf7c407c2cedff20999df2af8eb42d56 -> 
  custom:framework-win-MediaFoundation: 216162199b28c13a410421893ffa2e32 -> 
  custom:container-demuxer-ogg: 62fdf1f143b41e24485cea50d1cbac27 -> 
  custom:video-decoder-webm-vp8: 9c59270c3fd7afecdb556c50c9e8de78 -> 
  custom:audio-decoder-ogg-vorbis: bf7c407c2cedff20999df2af8eb42d56 -> 
========================================================================
Received Prepare
Registering precompiled user dll's ...
Registered in 0.003057 seconds.
Begin MonoManager ReloadAssembly
Native extension for WindowsStandalone target not found
Refreshing native plugins compatible for Editor in 0.29 ms, found 2 plugins.
Preloading 0 native plugins for Editor in 0.00 ms.
Mono: successfully reloaded assembly
- Completed reload, in  0.598 seconds
Domain Reload Profiling:
	ReloadAssembly (599ms)
		BeginReloadAssembly (91ms)
			ExecutionOrderSort (0ms)
			DisableScriptedObjects (4ms)
			BackupInstance (0ms)
			ReleaseScriptingObjects (0ms)
			CreateAndSetChildDomain (26ms)
		EndReloadAssembly (444ms)
			LoadAssemblies (52ms)
			RebuildTransferFunctionScriptingTraits (0ms)
			SetupTypeCache (120ms)
			ReleaseScriptCaches (1ms)
			RebuildScriptCaches (27ms)
			SetupLoadedEditorAssemblies (214ms)
				LogAssemblyErrors (0ms)
				InitializePlatformSupportModulesInManaged (9ms)
				SetLoadedEditorAssemblies (0ms)
				RefreshPlugins (0ms)
				BeforeProcessingInitializeOnLoad (37ms)
				ProcessInitializeOnLoadAttributes (143ms)
				ProcessInitializeOnLoadMethodAttributes (22ms)
				AfterProcessingInitializeOnLoad (3ms)
				EditorAssembliesLoaded (0ms)
			ExecutionOrderSort2 (0ms)
			AwakeInstancesAfterBackupRestoration (5ms)
Platform modules already initialized, skipping
Refreshing native plugins compatible for Editor in 1.96 ms, found 2 plugins.
Preloading 0 native plugins for Editor in 0.00 ms.
Unloading 1720 Unused Serialized files (Serialized files now loaded: 0)
Unloading 12 unused Assets / (31.8 KB). Loaded Objects now: 2212.
Memory consumption went from 77.7 MB to 77.6 MB.
Total: 2.452300 ms (FindLiveObjects: 0.142000 ms CreateObjectMapping: 0.037200 ms MarkObjects: 2.246100 ms  DeleteObjects: 0.025800 ms)

AssetImportParameters requested are different than current active one (requested -> active):
  custom:video-decoder-ogg-theora: a1e56fd34408186e4bbccfd4996cb3dc -> 
  custom:container-muxer-webm: aa71ff27fc2769a1b78a27578f13a17b -> 
  custom:container-demuxer-webm: 4f35f7cbe854078d1ac9338744f61a02 -> 
  custom:video-encoder-webm-vp8: eb34c28f22e8b96e1ab97ce403110664 -> 
  custom:audio-encoder-webm-vorbis: bf7c407c2cedff20999df2af8eb42d56 -> 
  custom:framework-win-MediaFoundation: 216162199b28c13a410421893ffa2e32 -> 
  custom:container-demuxer-ogg: 62fdf1f143b41e24485cea50d1cbac27 -> 
  custom:video-decoder-webm-vp8: 9c59270c3fd7afecdb556c50c9e8de78 -> 
  custom:audio-decoder-ogg-vorbis: bf7c407c2cedff20999df2af8eb42d56 -> 
========================================================================
Received Prepare
Registering precompiled user dll's ...
Registered in 0.003006 seconds.
Begin MonoManager ReloadAssembly
Native extension for WindowsStandalone target not found
Refreshing native plugins compatible for Editor in 0.38 ms, found 2 plugins.
Preloading 0 native plugins for Editor in 0.00 ms.
Mono: successfully reloaded assembly
- Completed reload, in  0.595 seconds
Domain Reload Profiling:
	ReloadAssembly (595ms)
		BeginReloadAssembly (92ms)
			ExecutionOrderSort (0ms)
			DisableScriptedObjects (5ms)
			BackupInstance (0ms)
			ReleaseScriptingObjects (0ms)
			CreateAndSetChildDomain (26ms)
		EndReloadAssembly (438ms)
			LoadAssemblies (51ms)
			RebuildTransferFunctionScriptingTraits (0ms)
			SetupTypeCache (118ms)
			ReleaseScriptCaches (1ms)
			RebuildScriptCaches (30ms)
			SetupLoadedEditorAssemblies (211ms)
				LogAssemblyErrors (0ms)
				InitializePlatformSupportModulesInManaged (9ms)
				SetLoadedEditorAssemblies (0ms)
				RefreshPlugins (0ms)
				BeforeProcessingInitializeOnLoad (39ms)
				ProcessInitializeOnLoadAttributes (137ms)
				ProcessInitializeOnLoadMethodAttributes (23ms)
				AfterProcessingInitializeOnLoad (3ms)
				EditorAssembliesLoaded (0ms)
			ExecutionOrderSort2 (0ms)
			AwakeInstancesAfterBackupRestoration (5ms)
Platform modules already initialized, skipping
Refreshing native plugins compatible for Editor in 3.00 ms, found 2 plugins.
Preloading 0 native plugins for Editor in 0.00 ms.
Unloading 1720 Unused Serialized files (Serialized files now loaded: 0)
Unloading 12 unused Assets / (31.7 KB). Loaded Objects now: 2215.
Memory consumption went from 77.7 MB to 77.6 MB.
Total: 3.634100 ms (FindLiveObjects: 0.232000 ms CreateObjectMapping: 0.045200 ms MarkObjects: 3.330500 ms  DeleteObjects: 0.025300 ms)

AssetImportParameters requested are different than current active one (requested -> active):
  custom:video-decoder-ogg-theora: a1e56fd34408186e4bbccfd4996cb3dc -> 
  custom:container-muxer-webm: aa71ff27fc2769a1b78a27578f13a17b -> 
  custom:container-demuxer-webm: 4f35f7cbe854078d1ac9338744f61a02 -> 
  custom:video-encoder-webm-vp8: eb34c28f22e8b96e1ab97ce403110664 -> 
  custom:audio-encoder-webm-vorbis: bf7c407c2cedff20999df2af8eb42d56 -> 
  custom:framework-win-MediaFoundation: 216162199b28c13a410421893ffa2e32 -> 
  custom:container-demuxer-ogg: 62fdf1f143b41e24485cea50d1cbac27 -> 
  custom:video-decoder-webm-vp8: 9c59270c3fd7afecdb556c50c9e8de78 -> 
  custom:audio-decoder-ogg-vorbis: bf7c407c2cedff20999df2af8eb42d56 -> 
========================================================================
Received Prepare
Registering precompiled user dll's ...
Registered in 0.002941 seconds.
Begin MonoManager ReloadAssembly
Native extension for WindowsStandalone target not found
Refreshing native plugins compatible for Editor in 0.55 ms, found 2 plugins.
Preloading 0 native plugins for Editor in 0.00 ms.
Mono: successfully reloaded assembly
- Completed reload, in  0.605 seconds
Domain Reload Profiling:
	ReloadAssembly (605ms)
		BeginReloadAssembly (94ms)
			ExecutionOrderSort (0ms)
			DisableScriptedObjects (5ms)
			BackupInstance (0ms)
			ReleaseScriptingObjects (0ms)
			CreateAndSetChildDomain (26ms)
		EndReloadAssembly (447ms)
			LoadAssemblies (52ms)
			RebuildTransferFunctionScriptingTraits (0ms)
			SetupTypeCache (123ms)
			ReleaseScriptCaches (1ms)
			RebuildScriptCaches (29ms)
			SetupLoadedEditorAssemblies (213ms)
				LogAssemblyErrors (0ms)
				InitializePlatformSupportModulesInManaged (8ms)
				SetLoadedEditorAssemblies (0ms)
				RefreshPlugins (1ms)
				BeforeProcessingInitializeOnLoad (40ms)
				ProcessInitializeOnLoadAttributes (139ms)
				ProcessInitializeOnLoadMethodAttributes (22ms)
				AfterProcessingInitializeOnLoad (3ms)
				EditorAssembliesLoaded (0ms)
			ExecutionOrderSort2 (0ms)
			AwakeInstancesAfterBackupRestoration (5ms)
Platform modules already initialized, skipping
Refreshing native plugins compatible for Editor in 1.86 ms, found 2 plugins.
Preloading 0 native plugins for Editor in 0.00 ms.
Unloading 1720 Unused Serialized files (Serialized files now loaded: 0)
Unloading 12 unused Assets / (31.8 KB). Loaded Objects now: 2218.
Memory consumption went from 77.7 MB to 77.6 MB.
Total: 3.108500 ms (FindLiveObjects: 0.398600 ms CreateObjectMapping: 0.055200 ms MarkObjects: 2.633200 ms  DeleteObjects: 0.020700 ms)

AssetImportParameters requested are different than current active one (requested -> active):
  custom:video-decoder-ogg-theora: a1e56fd34408186e4bbccfd4996cb3dc -> 
  custom:container-muxer-webm: aa71ff27fc2769a1b78a27578f13a17b -> 
  custom:container-demuxer-webm: 4f35f7cbe854078d1ac9338744f61a02 -> 
  custom:video-encoder-webm-vp8: eb34c28f22e8b96e1ab97ce403110664 -> 
  custom:audio-encoder-webm-vorbis: bf7c407c2cedff20999df2af8eb42d56 -> 
  custom:framework-win-MediaFoundation: 216162199b28c13a410421893ffa2e32 -> 
  custom:container-demuxer-ogg: 62fdf1f143b41e24485cea50d1cbac27 -> 
  custom:video-decoder-webm-vp8: 9c59270c3fd7afecdb556c50c9e8de78 -> 
  custom:audio-decoder-ogg-vorbis: bf7c407c2cedff20999df2af8eb42d56 -> 
========================================================================
Received Prepare
Registering precompiled user dll's ...
Registered in 0.002956 seconds.
Begin MonoManager ReloadAssembly
Native extension for WindowsStandalone target not found
Refreshing native plugins compatible for Editor in 0.43 ms, found 2 plugins.
Preloading 0 native plugins for Editor in 0.00 ms.
Mono: successfully reloaded assembly
- Completed reload, in  0.602 seconds
Domain Reload Profiling:
	ReloadAssembly (603ms)
		BeginReloadAssembly (93ms)
			ExecutionOrderSort (0ms)
			DisableScriptedObjects (5ms)
			BackupInstance (0ms)
			ReleaseScriptingObjects (0ms)
			CreateAndSetChildDomain (25ms)
		EndReloadAssembly (445ms)
			LoadAssemblies (50ms)
			RebuildTransferFunctionScriptingTraits (0ms)
			SetupTypeCache (123ms)
			ReleaseScriptCaches (1ms)
			RebuildScriptCaches (30ms)
			SetupLoadedEditorAssemblies (215ms)
				LogAssemblyErrors (0ms)
				InitializePlatformSupportModulesInManaged (9ms)
				SetLoadedEditorAssemblies (0ms)
				RefreshPlugins (0ms)
				BeforeProcessingInitializeOnLoad (48ms)
				ProcessInitializeOnLoadAttributes (135ms)
				ProcessInitializeOnLoadMethodAttributes (20ms)
				AfterProcessingInitializeOnLoad (2ms)
				EditorAssembliesLoaded (0ms)
			ExecutionOrderSort2 (0ms)
			AwakeInstancesAfterBackupRestoration (4ms)
Platform modules already initialized, skipping
Refreshing native plugins compatible for Editor in 1.90 ms, found 2 plugins.
Preloading 0 native plugins for Editor in 0.00 ms.
Unloading 1720 Unused Serialized files (Serialized files now loaded: 0)
Unloading 12 unused Assets / (31.7 KB). Loaded Objects now: 2221.
Memory consumption went from 77.7 MB to 77.6 MB.
Total: 2.598100 ms (FindLiveObjects: 0.130000 ms CreateObjectMapping: 0.034000 ms MarkObjects: 2.414200 ms  DeleteObjects: 0.019100 ms)

AssetImportParameters requested are different than current active one (requested -> active):
  custom:video-decoder-ogg-theora: a1e56fd34408186e4bbccfd4996cb3dc -> 
  custom:container-muxer-webm: aa71ff27fc2769a1b78a27578f13a17b -> 
  custom:container-demuxer-webm: 4f35f7cbe854078d1ac9338744f61a02 -> 
  custom:video-encoder-webm-vp8: eb34c28f22e8b96e1ab97ce403110664 -> 
  custom:audio-encoder-webm-vorbis: bf7c407c2cedff20999df2af8eb42d56 -> 
  custom:framework-win-MediaFoundation: 216162199b28c13a410421893ffa2e32 -> 
  custom:container-demuxer-ogg: 62fdf1f143b41e24485cea50d1cbac27 -> 
  custom:video-decoder-webm-vp8: 9c59270c3fd7afecdb556c50c9e8de78 -> 
  custom:audio-decoder-ogg-vorbis: bf7c407c2cedff20999df2af8eb42d56 -> 
========================================================================
Received Prepare
Registering precompiled user dll's ...
Registered in 0.002465 seconds.
Begin MonoManager ReloadAssembly
Native extension for WindowsStandalone target not found
Refreshing native plugins compatible for Editor in 0.38 ms, found 2 plugins.
Preloading 0 native plugins for Editor in 0.00 ms.
Mono: successfully reloaded assembly
- Completed reload, in  0.623 seconds
Domain Reload Profiling:
	ReloadAssembly (624ms)
		BeginReloadAssembly (90ms)
			ExecutionOrderSort (0ms)
			DisableScriptedObjects (4ms)
			BackupInstance (0ms)
			ReleaseScriptingObjects (0ms)
			CreateAndSetChildDomain (25ms)
		EndReloadAssembly (464ms)
			LoadAssemblies (51ms)
			RebuildTransferFunctionScriptingTraits (0ms)
			SetupTypeCache (122ms)
			ReleaseScriptCaches (1ms)
			RebuildScriptCaches (33ms)
			SetupLoadedEditorAssemblies (217ms)
				LogAssemblyErrors (0ms)
				InitializePlatformSupportModulesInManaged (9ms)
				SetLoadedEditorAssemblies (0ms)
				RefreshPlugins (0ms)
				BeforeProcessingInitializeOnLoad (38ms)
				ProcessInitializeOnLoadAttributes (143ms)
				ProcessInitializeOnLoadMethodAttributes (22ms)
				AfterProcessingInitializeOnLoad (3ms)
				EditorAssembliesLoaded (0ms)
			ExecutionOrderSort2 (0ms)
			AwakeInstancesAfterBackupRestoration (5ms)
Platform modules already initialized, skipping
Refreshing native plugins compatible for Editor in 2.18 ms, found 2 plugins.
Preloading 0 native plugins for Editor in 0.00 ms.
Unloading 1720 Unused Serialized files (Serialized files now loaded: 0)
Unloading 12 unused Assets / (31.8 KB). Loaded Objects now: 2224.
Memory consumption went from 77.7 MB to 77.7 MB.
Total: 2.513400 ms (FindLiveObjects: 0.138600 ms CreateObjectMapping: 0.040100 ms MarkObjects: 2.317300 ms  DeleteObjects: 0.016300 ms)

AssetImportParameters requested are different than current active one (requested -> active):
  custom:video-decoder-ogg-theora: a1e56fd34408186e4bbccfd4996cb3dc -> 
  custom:container-muxer-webm: aa71ff27fc2769a1b78a27578f13a17b -> 
  custom:container-demuxer-webm: 4f35f7cbe854078d1ac9338744f61a02 -> 
  custom:video-encoder-webm-vp8: eb34c28f22e8b96e1ab97ce403110664 -> 
  custom:audio-encoder-webm-vorbis: bf7c407c2cedff20999df2af8eb42d56 -> 
  custom:framework-win-MediaFoundation: 216162199b28c13a410421893ffa2e32 -> 
  custom:container-demuxer-ogg: 62fdf1f143b41e24485cea50d1cbac27 -> 
  custom:video-decoder-webm-vp8: 9c59270c3fd7afecdb556c50c9e8de78 -> 
  custom:audio-decoder-ogg-vorbis: bf7c407c2cedff20999df2af8eb42d56 -> 
========================================================================
Received Prepare
Registering precompiled user dll's ...
Registered in 0.002458 seconds.
Begin MonoManager ReloadAssembly
Native extension for WindowsStandalone target not found
Refreshing native plugins compatible for Editor in 0.38 ms, found 2 plugins.
Preloading 0 native plugins for Editor in 0.00 ms.
Mono: successfully reloaded assembly
- Completed reload, in  0.616 seconds
Domain Reload Profiling:
	ReloadAssembly (616ms)
		BeginReloadAssembly (93ms)
			ExecutionOrderSort (0ms)
			DisableScriptedObjects (5ms)
			BackupInstance (0ms)
			ReleaseScriptingObjects (0ms)
			CreateAndSetChildDomain (25ms)
		EndReloadAssembly (451ms)
			LoadAssemblies (52ms)
			RebuildTransferFunctionScriptingTraits (0ms)
			SetupTypeCache (122ms)
			ReleaseScriptCaches (1ms)
			RebuildScriptCaches (31ms)
			SetupLoadedEditorAssemblies (212ms)
				LogAssemblyErrors (0ms)
				InitializePlatformSupportModulesInManaged (8ms)
				SetLoadedEditorAssemblies (0ms)
				RefreshPlugins (0ms)
				BeforeProcessingInitializeOnLoad (38ms)
				ProcessInitializeOnLoadAttributes (139ms)
				ProcessInitializeOnLoadMethodAttributes (24ms)
				AfterProcessingInitializeOnLoad (2ms)
				EditorAssembliesLoaded (0ms)
			ExecutionOrderSort2 (0ms)
			AwakeInstancesAfterBackupRestoration (5ms)
Platform modules already initialized, skipping
Refreshing native plugins compatible for Editor in 1.88 ms, found 2 plugins.
Preloading 0 native plugins for Editor in 0.00 ms.
Unloading 1720 Unused Serialized files (Serialized files now loaded: 0)
Unloading 12 unused Assets / (31.8 KB). Loaded Objects now: 2227.
Memory consumption went from 77.7 MB to 77.7 MB.
Total: 2.722800 ms (FindLiveObjects: 0.232900 ms CreateObjectMapping: 0.048600 ms MarkObjects: 2.422700 ms  DeleteObjects: 0.017400 ms)

AssetImportParameters requested are different than current active one (requested -> active):
  custom:video-decoder-ogg-theora: a1e56fd34408186e4bbccfd4996cb3dc -> 
  custom:container-muxer-webm: aa71ff27fc2769a1b78a27578f13a17b -> 
  custom:container-demuxer-webm: 4f35f7cbe854078d1ac9338744f61a02 -> 
  custom:video-encoder-webm-vp8: eb34c28f22e8b96e1ab97ce403110664 -> 
  custom:audio-encoder-webm-vorbis: bf7c407c2cedff20999df2af8eb42d56 -> 
  custom:framework-win-MediaFoundation: 216162199b28c13a410421893ffa2e32 -> 
  custom:container-demuxer-ogg: 62fdf1f143b41e24485cea50d1cbac27 -> 
  custom:video-decoder-webm-vp8: 9c59270c3fd7afecdb556c50c9e8de78 -> 
  custom:audio-decoder-ogg-vorbis: bf7c407c2cedff20999df2af8eb42d56 -> 
========================================================================
Received Prepare
Registering precompiled user dll's ...
Registered in 0.002558 seconds.
Begin MonoManager ReloadAssembly
Native extension for WindowsStandalone target not found
Refreshing native plugins compatible for Editor in 0.57 ms, found 2 plugins.
Preloading 0 native plugins for Editor in 0.00 ms.
Mono: successfully reloaded assembly
- Completed reload, in  0.613 seconds
Domain Reload Profiling:
	ReloadAssembly (614ms)
		BeginReloadAssembly (91ms)
			ExecutionOrderSort (0ms)
			DisableScriptedObjects (5ms)
			BackupInstance (0ms)
			ReleaseScriptingObjects (0ms)
			CreateAndSetChildDomain (25ms)
		EndReloadAssembly (443ms)
			LoadAssemblies (49ms)
			RebuildTransferFunctionScriptingTraits (0ms)
			SetupTypeCache (116ms)
			ReleaseScriptCaches (1ms)
			RebuildScriptCaches (32ms)
			SetupLoadedEditorAssemblies (217ms)
				LogAssemblyErrors (0ms)
				InitializePlatformSupportModulesInManaged (8ms)
				SetLoadedEditorAssemblies (0ms)
				RefreshPlugins (1ms)
				BeforeProcessingInitializeOnLoad (39ms)
				ProcessInitializeOnLoadAttributes (143ms)
				ProcessInitializeOnLoadMethodAttributes (22ms)
				AfterProcessingInitializeOnLoad (3ms)
				EditorAssembliesLoaded (0ms)
			ExecutionOrderSort2 (0ms)
			AwakeInstancesAfterBackupRestoration (5ms)
Platform modules already initialized, skipping
Refreshing native plugins compatible for Editor in 2.21 ms, found 2 plugins.
Preloading 0 native plugins for Editor in 0.00 ms.
Unloading 1720 Unused Serialized files (Serialized files now loaded: 0)
Unloading 12 unused Assets / (31.7 KB). Loaded Objects now: 2230.
Memory consumption went from 77.7 MB to 77.7 MB.
Total: 2.430000 ms (FindLiveObjects: 0.162800 ms CreateObjectMapping: 0.035000 ms MarkObjects: 2.214900 ms  DeleteObjects: 0.016400 ms)

AssetImportParameters requested are different than current active one (requested -> active):
  custom:video-decoder-ogg-theora: a1e56fd34408186e4bbccfd4996cb3dc -> 
  custom:container-muxer-webm: aa71ff27fc2769a1b78a27578f13a17b -> 
  custom:container-demuxer-webm: 4f35f7cbe854078d1ac9338744f61a02 -> 
  custom:video-encoder-webm-vp8: eb34c28f22e8b96e1ab97ce403110664 -> 
  custom:audio-encoder-webm-vorbis: bf7c407c2cedff20999df2af8eb42d56 -> 
  custom:framework-win-MediaFoundation: 216162199b28c13a410421893ffa2e32 -> 
  custom:container-demuxer-ogg: 62fdf1f143b41e24485cea50d1cbac27 -> 
  custom:video-decoder-webm-vp8: 9c59270c3fd7afecdb556c50c9e8de78 -> 
  custom:audio-decoder-ogg-vorbis: bf7c407c2cedff20999df2af8eb42d56 -> 
========================================================================
Received Prepare
Registering precompiled user dll's ...
Registered in 0.002988 seconds.
Begin MonoManager ReloadAssembly
Native extension for WindowsStandalone target not found
Refreshing native plugins compatible for Editor in 0.41 ms, found 2 plugins.
Preloading 0 native plugins for Editor in 0.00 ms.
Mono: successfully reloaded assembly
- Completed reload, in  0.636 seconds
Domain Reload Profiling:
	ReloadAssembly (637ms)
		BeginReloadAssembly (91ms)
			ExecutionOrderSort (0ms)
			DisableScriptedObjects (4ms)
			BackupInstance (0ms)
			ReleaseScriptingObjects (0ms)
			CreateAndSetChildDomain (24ms)
		EndReloadAssembly (477ms)
			LoadAssemblies (52ms)
			RebuildTransferFunctionScriptingTraits (0ms)
			SetupTypeCache (124ms)
			ReleaseScriptCaches (1ms)
			RebuildScriptCaches (34ms)
			SetupLoadedEditorAssemblies (228ms)
				LogAssemblyErrors (0ms)
				InitializePlatformSupportModulesInManaged (9ms)
				SetLoadedEditorAssemblies (0ms)
				RefreshPlugins (0ms)
				BeforeProcessingInitializeOnLoad (40ms)
				ProcessInitializeOnLoadAttributes (152ms)
				ProcessInitializeOnLoadMethodAttributes (23ms)
				AfterProcessingInitializeOnLoad (3ms)
				EditorAssembliesLoaded (0ms)
			ExecutionOrderSort2 (0ms)
			AwakeInstancesAfterBackupRestoration (6ms)
Platform modules already initialized, skipping
Refreshing native plugins compatible for Editor in 2.22 ms, found 2 plugins.
Preloading 0 native plugins for Editor in 0.00 ms.
Unloading 1720 Unused Serialized files (Serialized files now loaded: 0)
Unloading 12 unused Assets / (31.8 KB). Loaded Objects now: 2233.
Memory consumption went from 77.7 MB to 77.7 MB.
Total: 2.638400 ms (FindLiveObjects: 0.213500 ms CreateObjectMapping: 0.042900 ms MarkObjects: 2.355600 ms  DeleteObjects: 0.025200 ms)

AssetImportParameters requested are different than current active one (requested -> active):
  custom:video-decoder-ogg-theora: a1e56fd34408186e4bbccfd4996cb3dc -> 
  custom:container-muxer-webm: aa71ff27fc2769a1b78a27578f13a17b -> 
  custom:container-demuxer-webm: 4f35f7cbe854078d1ac9338744f61a02 -> 
  custom:video-encoder-webm-vp8: eb34c28f22e8b96e1ab97ce403110664 -> 
  custom:audio-encoder-webm-vorbis: bf7c407c2cedff20999df2af8eb42d56 -> 
  custom:framework-win-MediaFoundation: 216162199b28c13a410421893ffa2e32 -> 
  custom:container-demuxer-ogg: 62fdf1f143b41e24485cea50d1cbac27 -> 
  custom:video-decoder-webm-vp8: 9c59270c3fd7afecdb556c50c9e8de78 -> 
  custom:audio-decoder-ogg-vorbis: bf7c407c2cedff20999df2af8eb42d56 -> 
========================================================================
Received Prepare
Registering precompiled user dll's ...
Registered in 0.003003 seconds.
Begin MonoManager ReloadAssembly
Native extension for WindowsStandalone target not found
Refreshing native plugins compatible for Editor in 0.36 ms, found 2 plugins.
Preloading 0 native plugins for Editor in 0.00 ms.
Mono: successfully reloaded assembly
- Completed reload, in  0.629 seconds
Domain Reload Profiling:
	ReloadAssembly (629ms)
		BeginReloadAssembly (92ms)
			ExecutionOrderSort (0ms)
			DisableScriptedObjects (4ms)
			BackupInstance (0ms)
			ReleaseScriptingObjects (0ms)
			CreateAndSetChildDomain (25ms)
		EndReloadAssembly (471ms)
			LoadAssemblies (51ms)
			RebuildTransferFunctionScriptingTraits (0ms)
			SetupTypeCache (121ms)
			ReleaseScriptCaches (1ms)
			RebuildScriptCaches (37ms)
			SetupLoadedEditorAssemblies (231ms)
				LogAssemblyErrors (0ms)
				InitializePlatformSupportModulesInManaged (8ms)
				SetLoadedEditorAssemblies (0ms)
				RefreshPlugins (0ms)
				BeforeProcessingInitializeOnLoad (46ms)
				ProcessInitializeOnLoadAttributes (149ms)
				ProcessInitializeOnLoadMethodAttributes (24ms)
				AfterProcessingInitializeOnLoad (2ms)
				EditorAssembliesLoaded (0ms)
			ExecutionOrderSort2 (0ms)
			AwakeInstancesAfterBackupRestoration (5ms)
Platform modules already initialized, skipping
Refreshing native plugins compatible for Editor in 2.23 ms, found 2 plugins.
Preloading 0 native plugins for Editor in 0.00 ms.
Unloading 1720 Unused Serialized files (Serialized files now loaded: 0)
Unloading 12 unused Assets / (31.8 KB). Loaded Objects now: 2236.
Memory consumption went from 77.7 MB to 77.7 MB.
Total: 2.473200 ms (FindLiveObjects: 0.236000 ms CreateObjectMapping: 0.042200 ms MarkObjects: 2.177600 ms  DeleteObjects: 0.016500 ms)

AssetImportParameters requested are different than current active one (requested -> active):
  custom:video-decoder-ogg-theora: a1e56fd34408186e4bbccfd4996cb3dc -> 
  custom:container-muxer-webm: aa71ff27fc2769a1b78a27578f13a17b -> 
  custom:container-demuxer-webm: 4f35f7cbe854078d1ac9338744f61a02 -> 
  custom:video-encoder-webm-vp8: eb34c28f22e8b96e1ab97ce403110664 -> 
  custom:audio-encoder-webm-vorbis: bf7c407c2cedff20999df2af8eb42d56 -> 
  custom:framework-win-MediaFoundation: 216162199b28c13a410421893ffa2e32 -> 
  custom:container-demuxer-ogg: 62fdf1f143b41e24485cea50d1cbac27 -> 
  custom:video-decoder-webm-vp8: 9c59270c3fd7afecdb556c50c9e8de78 -> 
  custom:audio-decoder-ogg-vorbis: bf7c407c2cedff20999df2af8eb42d56 -> 
========================================================================
Received Prepare
Registering precompiled user dll's ...
Registered in 0.002570 seconds.
Begin MonoManager ReloadAssembly
Native extension for WindowsStandalone target not found
Refreshing native plugins compatible for Editor in 0.31 ms, found 2 plugins.
Preloading 0 native plugins for Editor in 0.00 ms.
Mono: successfully reloaded assembly
- Completed reload, in  0.626 seconds
Domain Reload Profiling:
	ReloadAssembly (626ms)
		BeginReloadAssembly (93ms)
			ExecutionOrderSort (0ms)
			DisableScriptedObjects (4ms)
			BackupInstance (0ms)
			ReleaseScriptingObjects (0ms)
			CreateAndSetChildDomain (25ms)
		EndReloadAssembly (467ms)
			LoadAssemblies (52ms)
			RebuildTransferFunctionScriptingTraits (0ms)
			SetupTypeCache (119ms)
			ReleaseScriptCaches (1ms)
			RebuildScriptCaches (28ms)
			SetupLoadedEditorAssemblies (235ms)
				LogAssemblyErrors (0ms)
				InitializePlatformSupportModulesInManaged (8ms)
				SetLoadedEditorAssemblies (0ms)
				RefreshPlugins (0ms)
				BeforeProcessingInitializeOnLoad (43ms)
				ProcessInitializeOnLoadAttributes (156ms)
				ProcessInitializeOnLoadMethodAttributes (25ms)
				AfterProcessingInitializeOnLoad (3ms)
				EditorAssembliesLoaded (0ms)
			ExecutionOrderSort2 (0ms)
			AwakeInstancesAfterBackupRestoration (5ms)
Platform modules already initialized, skipping
Refreshing native plugins compatible for Editor in 2.12 ms, found 2 plugins.
Preloading 0 native plugins for Editor in 0.00 ms.
Unloading 1720 Unused Serialized files (Serialized files now loaded: 0)
Unloading 12 unused Assets / (31.7 KB). Loaded Objects now: 2239.
Memory consumption went from 77.7 MB to 77.7 MB.
Total: 2.853600 ms (FindLiveObjects: 0.259900 ms CreateObjectMapping: 0.048600 ms MarkObjects: 2.513900 ms  DeleteObjects: 0.030100 ms)

AssetImportParameters requested are different than current active one (requested -> active):
  custom:video-decoder-ogg-theora: a1e56fd34408186e4bbccfd4996cb3dc -> 
  custom:container-muxer-webm: aa71ff27fc2769a1b78a27578f13a17b -> 
  custom:container-demuxer-webm: 4f35f7cbe854078d1ac9338744f61a02 -> 
  custom:video-encoder-webm-vp8: eb34c28f22e8b96e1ab97ce403110664 -> 
  custom:audio-encoder-webm-vorbis: bf7c407c2cedff20999df2af8eb42d56 -> 
  custom:framework-win-MediaFoundation: 216162199b28c13a410421893ffa2e32 -> 
  custom:container-demuxer-ogg: 62fdf1f143b41e24485cea50d1cbac27 -> 
  custom:video-decoder-webm-vp8: 9c59270c3fd7afecdb556c50c9e8de78 -> 
  custom:audio-decoder-ogg-vorbis: bf7c407c2cedff20999df2af8eb42d56 -> 
========================================================================
Received Prepare
Registering precompiled user dll's ...
Registered in 0.002939 seconds.
Begin MonoManager ReloadAssembly
Native extension for WindowsStandalone target not found
Refreshing native plugins compatible for Editor in 0.47 ms, found 2 plugins.
Preloading 0 native plugins for Editor in 0.00 ms.
Mono: successfully reloaded assembly
- Completed reload, in  0.648 seconds
Domain Reload Profiling:
	ReloadAssembly (648ms)
		BeginReloadAssembly (91ms)
			ExecutionOrderSort (0ms)
			DisableScriptedObjects (4ms)
			BackupInstance (0ms)
			ReleaseScriptingObjects (0ms)
			CreateAndSetChildDomain (25ms)
		EndReloadAssembly (491ms)
			LoadAssemblies (51ms)
			RebuildTransferFunctionScriptingTraits (0ms)
			SetupTypeCache (129ms)
			ReleaseScriptCaches (1ms)
			RebuildScriptCaches (33ms)
			SetupLoadedEditorAssemblies (240ms)
				LogAssemblyErrors (0ms)
				InitializePlatformSupportModulesInManaged (9ms)
				SetLoadedEditorAssemblies (0ms)
				RefreshPlugins (1ms)
				BeforeProcessingInitializeOnLoad (43ms)
				ProcessInitializeOnLoadAttributes (157ms)
				ProcessInitializeOnLoadMethodAttributes (27ms)
				AfterProcessingInitializeOnLoad (3ms)
				EditorAssembliesLoaded (0ms)
			ExecutionOrderSort2 (0ms)
			AwakeInstancesAfterBackupRestoration (5ms)
Platform modules already initialized, skipping
Refreshing native plugins compatible for Editor in 2.02 ms, found 2 plugins.
Preloading 0 native plugins for Editor in 0.00 ms.
Unloading 1720 Unused Serialized files (Serialized files now loaded: 0)
Unloading 12 unused Assets / (31.7 KB). Loaded Objects now: 2242.
Memory consumption went from 77.7 MB to 77.7 MB.
Total: 3.488800 ms (FindLiveObjects: 0.194600 ms CreateObjectMapping: 0.050600 ms MarkObjects: 3.204700 ms  DeleteObjects: 0.037800 ms)

AssetImportParameters requested are different than current active one (requested -> active):
  custom:video-decoder-ogg-theora: a1e56fd34408186e4bbccfd4996cb3dc -> 
  custom:container-muxer-webm: aa71ff27fc2769a1b78a27578f13a17b -> 
  custom:container-demuxer-webm: 4f35f7cbe854078d1ac9338744f61a02 -> 
  custom:video-encoder-webm-vp8: eb34c28f22e8b96e1ab97ce403110664 -> 
  custom:audio-encoder-webm-vorbis: bf7c407c2cedff20999df2af8eb42d56 -> 
  custom:framework-win-MediaFoundation: 216162199b28c13a410421893ffa2e32 -> 
  custom:container-demuxer-ogg: 62fdf1f143b41e24485cea50d1cbac27 -> 
  custom:video-decoder-webm-vp8: 9c59270c3fd7afecdb556c50c9e8de78 -> 
  custom:audio-decoder-ogg-vorbis: bf7c407c2cedff20999df2af8eb42d56 -> 
========================================================================
Received Prepare
Registering precompiled user dll's ...
Registered in 0.003187 seconds.
Begin MonoManager ReloadAssembly
Could not resolve field token 0x04000219, due to: Could not load type of field 'UnityEditor.Timeline.WindowState:m_PreviewedComponents' (13) due to: Could not resolve type with token 010000ab from typeref (expected class 'UnityEngine.Experimental.Animations.IAnimationWindowPreview' in assembly 'UnityEngine.AnimationModule, Version=0.0.0.0, Culture=neutral, PublicKeyToken=null') assembly:UnityEngine.AnimationModule, Version=0.0.0.0, Culture=neutral, PublicKeyToken=null type:UnityEngine.Experimental.Animations.IAnimationWindowPreview member:(null) assembly:C:\Users\qq825\Downloads\12341\自定义按键\Library\ScriptAssemblies\Unity.Timeline.Editor.dll type:WindowState member:(null)
Could not resolve field token 0x0400021a, due to: Could not load type of field 'UnityEditor.Timeline.WindowState:m_PreviewedComponents' (13) due to: Could not resolve type with token 010000ab from typeref (expected class 'UnityEngine.Experimental.Animations.IAnimationWindowPreview' in assembly 'UnityEngine.AnimationModule, Version=0.0.0.0, Culture=neutral, PublicKeyToken=null') assembly:UnityEngine.AnimationModule, Version=0.0.0.0, Culture=neutral, PublicKeyToken=null type:UnityEngine.Experimental.Animations.IAnimationWindowPreview member:(null) assembly:C:\Users\qq825\Downloads\12341\自定义按键\Library\ScriptAssemblies\Unity.Timeline.Editor.dll type:WindowState member:(null)
Could not resolve field token 0x0400021b, due to: Could not load type of field 'UnityEditor.Timeline.WindowState:m_PreviewedComponents' (13) due to: Could not resolve type with token 010000ab from typeref (expected class 'UnityEngine.Experimental.Animations.IAnimationWindowPreview' in assembly 'UnityEngine.AnimationModule, Version=0.0.0.0, Culture=neutral, PublicKeyToken=null') assembly:UnityEngine.AnimationModule, Version=0.0.0.0, Culture=neutral, PublicKeyToken=null type:UnityEngine.Experimental.Animations.IAnimationWindowPreview member:(null) assembly:C:\Users\qq825\Downloads\12341\自定义按键\Library\ScriptAssemblies\Unity.Timeline.Editor.dll type:WindowState member:(null)
Could not resolve field token 0x0400021c, due to: Could not load type of field 'UnityEditor.Timeline.WindowState:m_PreviewedComponents' (13) due to: Could not resolve type with token 010000ab from typeref (expected class 'UnityEngine.Experimental.Animations.IAnimationWindowPreview' in assembly 'UnityEngine.AnimationModule, Version=0.0.0.0, Culture=neutral, PublicKeyToken=null') assembly:UnityEngine.AnimationModule, Version=0.0.0.0, Culture=neutral, PublicKeyToken=null type:UnityEngine.Experimental.Animations.IAnimationWindowPreview member:(null) assembly:C:\Users\qq825\Downloads\12341\自定义按键\Library\ScriptAssemblies\Unity.Timeline.Editor.dll type:WindowState member:(null)
Could not resolve field token 0x0400021d, due to: Could not load type of field 'UnityEditor.Timeline.WindowState:m_PreviewedComponents' (13) due to: Could not resolve type with token 010000ab from typeref (expected class 'UnityEngine.Experimental.Animations.IAnimationWindowPreview' in assembly 'UnityEngine.AnimationModule, Version=0.0.0.0, Culture=neutral, PublicKeyToken=null') assembly:UnityEngine.AnimationModule, Version=0.0.0.0, Culture=neutral, PublicKeyToken=null type:UnityEngine.Experimental.Animations.IAnimationWindowPreview member:(null) assembly:C:\Users\qq825\Downloads\12341\自定义按键\Library\ScriptAssemblies\Unity.Timeline.Editor.dll type:WindowState member:(null)
Could not resolve field token 0x0400021e, due to: Could not load type of field 'UnityEditor.Timeline.WindowState:m_PreviewedComponents' (13) due to: Could not resolve type with token 010000ab from typeref (expected class 'UnityEngine.Experimental.Animations.IAnimationWindowPreview' in assembly 'UnityEngine.AnimationModule, Version=0.0.0.0, Culture=neutral, PublicKeyToken=null') assembly:UnityEngine.AnimationModule, Version=0.0.0.0, Culture=neutral, PublicKeyToken=null type:UnityEngine.Experimental.Animations.IAnimationWindowPreview member:(null) assembly:C:\Users\qq825\Downloads\12341\自定义按键\Library\ScriptAssemblies\Unity.Timeline.Editor.dll type:WindowState member:(null)
Could not resolve field token 0x0400021f, due to: Could not load type of field 'UnityEditor.Timeline.WindowState:m_PreviewedComponents' (13) due to: Could not resolve type with token 010000ab from typeref (expected class 'UnityEngine.Experimental.Animations.IAnimationWindowPreview' in assembly 'UnityEngine.AnimationModule, Version=0.0.0.0, Culture=neutral, PublicKeyToken=null') assembly:UnityEngine.AnimationModule, Version=0.0.0.0, Culture=neutral, PublicKeyToken=null type:UnityEngine.Experimental.Animations.IAnimationWindowPreview member:(null) assembly:C:\Users\qq825\Downloads\12341\自定义按键\Library\ScriptAssemblies\Unity.Timeline.Editor.dll type:WindowState member:(null)
Could not resolve field token 0x04000220, due to: Could not load type of field 'UnityEditor.Timeline.WindowState:m_PreviewedComponents' (13) due to: Could not resolve type with token 010000ab from typeref (expected class 'UnityEngine.Experimental.Animations.IAnimationWindowPreview' in assembly 'UnityEngine.AnimationModule, Version=0.0.0.0, Culture=neutral, PublicKeyToken=null') assembly:UnityEngine.AnimationModule, Version=0.0.0.0, Culture=neutral, PublicKeyToken=null type:UnityEngine.Experimental.Animations.IAnimationWindowPreview member:(null) assembly:C:\Users\qq825\Downloads\12341\自定义按键\Library\ScriptAssemblies\Unity.Timeline.Editor.dll type:WindowState member:(null)
Could not resolve field token 0x04000221, due to: Could not load type of field 'UnityEditor.Timeline.WindowState:m_PreviewedComponents' (13) due to: Could not resolve type with token 010000ab from typeref (expected class 'UnityEngine.Experimental.Animations.IAnimationWindowPreview' in assembly 'UnityEngine.AnimationModule, Version=0.0.0.0, Culture=neutral, PublicKeyToken=null') assembly:UnityEngine.AnimationModule, Version=0.0.0.0, Culture=neutral, PublicKeyToken=null type:UnityEngine.Experimental.Animations.IAnimationWindowPreview member:(null) assembly:C:\Users\qq825\Downloads\12341\自定义按键\Library\ScriptAssemblies\Unity.Timeline.Editor.dll type:WindowState member:(null)
Could not resolve field token 0x04000222, due to: Could not load type of field 'UnityEditor.Timeline.WindowState:m_PreviewedComponents' (13) due to: Could not resolve type with token 010000ab from typeref (expected class 'UnityEngine.Experimental.Animations.IAnimationWindowPreview' in assembly 'UnityEngine.AnimationModule, Version=0.0.0.0, Culture=neutral, PublicKeyToken=null') assembly:UnityEngine.AnimationModule, Version=0.0.0.0, Culture=neutral, PublicKeyToken=null type:UnityEngine.Experimental.Animations.IAnimationWindowPreview member:(null) assembly:C:\Users\qq825\Downloads\12341\自定义按键\Library\ScriptAssemblies\Unity.Timeline.Editor.dll type:WindowState member:(null)
Could not resolve field token 0x04000223, due to: Could not load type of field 'UnityEditor.Timeline.WindowState:m_PreviewedComponents' (13) due to: Could not resolve type with token 010000ab from typeref (expected class 'UnityEngine.Experimental.Animations.IAnimationWindowPreview' in assembly 'UnityEngine.AnimationModule, Version=0.0.0.0, Culture=neutral, PublicKeyToken=null') assembly:UnityEngine.AnimationModule, Version=0.0.0.0, Culture=neutral, PublicKeyToken=null type:UnityEngine.Experimental.Animations.IAnimationWindowPreview member:(null) assembly:C:\Users\qq825\Downloads\12341\自定义按键\Library\ScriptAssemblies\Unity.Timeline.Editor.dll type:WindowState member:(null)
Could not resolve field token 0x04000224, due to: Could not load type of field 'UnityEditor.Timeline.WindowState:m_PreviewedComponents' (13) due to: Could not resolve type with token 010000ab from typeref (expected class 'UnityEngine.Experimental.Animations.IAnimationWindowPreview' in assembly 'UnityEngine.AnimationModule, Version=0.0.0.0, Culture=neutral, PublicKeyToken=null') assembly:UnityEngine.AnimationModule, Version=0.0.0.0, Culture=neutral, PublicKeyToken=null type:UnityEngine.Experimental.Animations.IAnimationWindowPreview member:(null) assembly:C:\Users\qq825\Downloads\12341\自定义按键\Library\ScriptAssemblies\Unity.Timeline.Editor.dll type:WindowState member:(null)
Could not resolve field token 0x04000225, due to: Could not load type of field 'UnityEditor.Timeline.WindowState:m_PreviewedComponents' (13) due to: Could not resolve type with token 010000ab from typeref (expected class 'UnityEngine.Experimental.Animations.IAnimationWindowPreview' in assembly 'UnityEngine.AnimationModule, Version=0.0.0.0, Culture=neutral, PublicKeyToken=null') assembly:UnityEngine.AnimationModule, Version=0.0.0.0, Culture=neutral, PublicKeyToken=null type:UnityEngine.Experimental.Animations.IAnimationWindowPreview member:(null) assembly:C:\Users\qq825\Downloads\12341\自定义按键\Library\ScriptAssemblies\Unity.Timeline.Editor.dll type:WindowState member:(null)
Could not resolve field token 0x04000226, due to: Could not load type of field 'UnityEditor.Timeline.WindowState:m_PreviewedComponents' (13) due to: Could not resolve type with token 010000ab from typeref (expected class 'UnityEngine.Experimental.Animations.IAnimationWindowPreview' in assembly 'UnityEngine.AnimationModule, Version=0.0.0.0, Culture=neutral, PublicKeyToken=null') assembly:UnityEngine.AnimationModule, Version=0.0.0.0, Culture=neutral, PublicKeyToken=null type:UnityEngine.Experimental.Animations.IAnimationWindowPreview member:(null) assembly:C:\Users\qq825\Downloads\12341\自定义按键\Library\ScriptAssemblies\Unity.Timeline.Editor.dll type:WindowState member:(null)
Could not resolve field token 0x04000227, due to: Could not load type of field 'UnityEditor.Timeline.WindowState:m_PreviewedComponents' (13) due to: Could not resolve type with token 010000ab from typeref (expected class 'UnityEngine.Experimental.Animations.IAnimationWindowPreview' in assembly 'UnityEngine.AnimationModule, Version=0.0.0.0, Culture=neutral, PublicKeyToken=null') assembly:UnityEngine.AnimationModule, Version=0.0.0.0, Culture=neutral, PublicKeyToken=null type:UnityEngine.Experimental.Animations.IAnimationWindowPreview member:(null) assembly:C:\Users\qq825\Downloads\12341\自定义按键\Library\ScriptAssemblies\Unity.Timeline.Editor.dll type:WindowState member:(null)
Could not resolve field token 0x04000228, due to: Could not load type of field 'UnityEditor.Timeline.WindowState:m_PreviewedComponents' (13) due to: Could not resolve type with token 010000ab from typeref (expected class 'UnityEngine.Experimental.Animations.IAnimationWindowPreview' in assembly 'UnityEngine.AnimationModule, Version=0.0.0.0, Culture=neutral, PublicKeyToken=null') assembly:UnityEngine.AnimationModule, Version=0.0.0.0, Culture=neutral, PublicKeyToken=null type:UnityEngine.Experimental.Animations.IAnimationWindowPreview member:(null) assembly:C:\Users\qq825\Downloads\12341\自定义按键\Library\ScriptAssemblies\Unity.Timeline.Editor.dll type:WindowState member:(null)
Could not resolve field token 0x04000229, due to: Could not load type of field 'UnityEditor.Timeline.WindowState:m_PreviewedComponents' (13) due to: Could not resolve type with token 010000ab from typeref (expected class 'UnityEngine.Experimental.Animations.IAnimationWindowPreview' in assembly 'UnityEngine.AnimationModule, Version=0.0.0.0, Culture=neutral, PublicKeyToken=null') assembly:UnityEngine.AnimationModule, Version=0.0.0.0, Culture=neutral, PublicKeyToken=null type:UnityEngine.Experimental.Animations.IAnimationWindowPreview member:(null) assembly:C:\Users\qq825\Downloads\12341\自定义按键\Library\ScriptAssemblies\Unity.Timeline.Editor.dll type:WindowState member:(null)
Could not resolve field token 0x040002ac, due to: Invalid type UnityEditor.Timeline.WindowState for instance field UnityEditor.Timeline.TimelineMarkerHeaderGUI:<state>k__BackingField assembly:C:\Users\qq825\Downloads\12341\自定义按键\Library\ScriptAssemblies\Unity.Timeline.Editor.dll type:TimelineMarkerHeaderGUI member:(null)
Could not resolve field token 0x040002ad, due to: Invalid type UnityEditor.Timeline.WindowState for instance field UnityEditor.Timeline.TimelineMarkerHeaderGUI:<state>k__BackingField assembly:C:\Users\qq825\Downloads\12341\自定义按键\Library\ScriptAssemblies\Unity.Timeline.Editor.dll type:TimelineMarkerHeaderGUI member:(null)
Could not resolve field token 0x040002b0, due to: Invalid type UnityEditor.Timeline.WindowState for instance field UnityEditor.Timeline.TimelineMarkerHeaderGUI:<state>k__BackingField assembly:C:\Users\qq825\Downloads\12341\自定义按键\Library\ScriptAssemblies\Unity.Timeline.Editor.dll type:TimelineMarkerHeaderGUI member:(null)
Could not resolve field token 0x040002b1, due to: Invalid type UnityEditor.Timeline.WindowState for instance field UnityEditor.Timeline.TimelineWindow:<state>k__BackingField assembly:C:\Users\qq825\Downloads\12341\自定义按键\Library\ScriptAssemblies\Unity.Timeline.Editor.dll type:TimelineWindow member:(null)
Could not resolve field token 0x040002b2, due to: Invalid type UnityEditor.Timeline.WindowState for instance field UnityEditor.Timeline.TimelineWindow:<state>k__BackingField assembly:C:\Users\qq825\Downloads\12341\自定义按键\Library\ScriptAssemblies\Unity.Timeline.Editor.dll type:TimelineWindow member:(null)
Could not resolve field token 0x040002b8, due to: Invalid type UnityEditor.Timeline.WindowState for instance field UnityEditor.Timeline.TimelineWindow:<state>k__BackingField assembly:C:\Users\qq825\Downloads\12341\自定义按键\Library\ScriptAssemblies\Unity.Timeline.Editor.dll type:TimelineWindow member:(null)
Could not resolve field token 0x040002ba, due to: Invalid type UnityEditor.Timeline.WindowState for instance field UnityEditor.Timeline.TimelineWindow:<state>k__BackingField assembly:C:\Users\qq825\Downloads\12341\自定义按键\Library\ScriptAssemblies\Unity.Timeline.Editor.dll type:TimelineWindow member:(null)
Could not resolve field token 0x040002bb, due to: Invalid type UnityEditor.Timeline.WindowState for instance field UnityEditor.Timeline.TimelineWindow:<state>k__BackingField assembly:C:\Users\qq825\Downloads\12341\自定义按键\Library\ScriptAssemblies\Unity.Timeline.Editor.dll type:TimelineWindow member:(null)
Could not resolve field token 0x040002bc, due to: Invalid type UnityEditor.Timeline.WindowState for instance field UnityEditor.Timeline.TimelineWindow:<state>k__BackingField assembly:C:\Users\qq825\Downloads\12341\自定义按键\Library\ScriptAssemblies\Unity.Timeline.Editor.dll type:TimelineWindow member:(null)
Could not resolve field token 0x040002bd, due to: Invalid type UnityEditor.Timeline.WindowState for instance field UnityEditor.Timeline.TimelineWindow:<state>k__BackingField assembly:C:\Users\qq825\Downloads\12341\自定义按键\Library\ScriptAssemblies\Unity.Timeline.Editor.dll type:TimelineWindow member:(null)
Could not resolve field token 0x040002be, due to: Invalid type UnityEditor.Timeline.WindowState for instance field UnityEditor.Timeline.TimelineWindow:<state>k__BackingField assembly:C:\Users\qq825\Downloads\12341\自定义按键\Library\ScriptAssemblies\Unity.Timeline.Editor.dll type:TimelineWindow member:(null)
Could not resolve field token 0x040002c3, due to: Invalid type UnityEditor.Timeline.WindowState for instance field UnityEditor.Timeline.TimelineWindow:<state>k__BackingField assembly:C:\Users\qq825\Downloads\12341\自定义按键\Library\ScriptAssemblies\Unity.Timeline.Editor.dll type:TimelineWindow member:(null)
Could not resolve field token 0x040002d7, due to: Invalid type UnityEditor.Timeline.WindowState for instance field UnityEditor.Timeline.TimelineWindow:<state>k__BackingField assembly:C:\Users\qq825\Downloads\12341\自定义按键\Library\ScriptAssemblies\Unity.Timeline.Editor.dll type:TimelineWindow member:(null)
Could not resolve field token 0x040002d8, due to: Invalid type UnityEditor.Timeline.WindowState for instance field UnityEditor.Timeline.TimelineWindow:<state>k__BackingField assembly:C:\Users\qq825\Downloads\12341\自定义按键\Library\ScriptAssemblies\Unity.Timeline.Editor.dll type:TimelineWindow member:(null)
Could not resolve field token 0x040002dd, due to: Invalid type UnityEditor.Timeline.WindowState for instance field UnityEditor.Timeline.TimelineWindow:<state>k__BackingField assembly:C:\Users\qq825\Downloads\12341\自定义按键\Library\ScriptAssemblies\Unity.Timeline.Editor.dll type:TimelineWindow member:(null)
Could not resolve field token 0x040003d4, due to: Invalid type UnityEditor.Timeline.WindowState for instance field UnityEditor.Timeline.TrackDrawer:<sequencerState>k__BackingField assembly:C:\Users\qq825\Downloads\12341\自定义按键\Library\ScriptAssemblies\Unity.Timeline.Editor.dll type:TrackDrawer member:(null)
Could not resolve field token 0x040003d5, due to: Invalid type UnityEditor.Timeline.WindowState for instance field UnityEditor.Timeline.TrackDrawer:<sequencerState>k__BackingField assembly:C:\Users\qq825\Downloads\12341\自定义按键\Library\ScriptAssemblies\Unity.Timeline.Editor.dll type:TrackDrawer member:(null)
Could not resolve field token 0x0400043b, due to: Invalid type UnityEditor.Timeline.TimelineWindow for instance field UnityEditor.Timeline.TimelineDataSource:m_TimelineWindow assembly:C:\Users\qq825\Downloads\12341\自定义按键\Library\ScriptAssemblies\Unity.Timeline.Editor.dll type:TimelineDataSource member:(null)
Could not resolve field token 0x04000443, due to: Could not set up parent class, due to: Invalid type UnityEditor.Timeline.TrackDrawer for instance field UnityEditor.Timeline.TimelineTrackBaseGUI:m_Drawer assembly:C:\Users\qq825\Downloads\12341\自定义按键\Library\ScriptAssemblies\Unity.Timeline.Editor.dll type:TimelineTrackBaseGUI member:(null) assembly:C:\Users\qq825\Downloads\12341\自定义按键\Library\ScriptAssemblies\Unity.Timeline.Editor.dll type:TimelineGroupGUI member:(null)
Could not resolve field token 0x04000444, due to: Could not set up parent class, due to: Invalid type UnityEditor.Timeline.TrackDrawer for instance field UnityEditor.Timeline.TimelineTrackBaseGUI:m_Drawer assembly:C:\Users\qq825\Downloads\12341\自定义按键\Library\ScriptAssemblies\Unity.Timeline.Editor.dll type:TimelineTrackBaseGUI member:(null) assembly:C:\Users\qq825\Downloads\12341\自定义按键\Library\ScriptAssemblies\Unity.Timeline.Editor.dll type:TimelineGroupGUI member:(null)
Could not resolve field token 0x04000445, due to: Could not set up parent class, due to: Invalid type UnityEditor.Timeline.TrackDrawer for instance field UnityEditor.Timeline.TimelineTrackBaseGUI:m_Drawer assembly:C:\Users\qq825\Downloads\12341\自定义按键\Library\ScriptAssemblies\Unity.Timeline.Editor.dll type:TimelineTrackBaseGUI member:(null) assembly:C:\Users\qq825\Downloads\12341\自定义按键\Library\ScriptAssemblies\Unity.Timeline.Editor.dll type:TimelineGroupGUI member:(null)
Could not resolve field token 0x0400044a, due to: Invalid type UnityEditor.Timeline.TrackDrawer for instance field UnityEditor.Timeline.TimelineTrackBaseGUI:m_Drawer assembly:C:\Users\qq825\Downloads\12341\自定义按键\Library\ScriptAssemblies\Unity.Timeline.Editor.dll type:TimelineTrackBaseGUI member:(null)
Could not resolve field token 0x0400044b, due to: Invalid type UnityEditor.Timeline.TrackDrawer for instance field UnityEditor.Timeline.TimelineTrackBaseGUI:m_Drawer assembly:C:\Users\qq825\Downloads\12341\自定义按键\Library\ScriptAssemblies\Unity.Timeline.Editor.dll type:TimelineTrackBaseGUI member:(null)
Could not resolve field token 0x0400044c, due to: Invalid type UnityEditor.Timeline.TrackDrawer for instance field UnityEditor.Timeline.TimelineTrackBaseGUI:m_Drawer assembly:C:\Users\qq825\Downloads\12341\自定义按键\Library\ScriptAssemblies\Unity.Timeline.Editor.dll type:TimelineTrackBaseGUI member:(null)
Could not resolve field token 0x0400044d, due to: Invalid type UnityEditor.Timeline.TrackDrawer for instance field UnityEditor.Timeline.TimelineTrackBaseGUI:m_Drawer assembly:C:\Users\qq825\Downloads\12341\自定义按键\Library\ScriptAssemblies\Unity.Timeline.Editor.dll type:TimelineTrackBaseGUI member:(null)
Could not resolve field token 0x0400044e, due to: Invalid type UnityEditor.Timeline.TrackDrawer for instance field UnityEditor.Timeline.TimelineTrackBaseGUI:m_Drawer assembly:C:\Users\qq825\Downloads\12341\自定义按键\Library\ScriptAssemblies\Unity.Timeline.Editor.dll type:TimelineTrackBaseGUI member:(null)
Could not resolve field token 0x0400044f, due to: Invalid type UnityEditor.Timeline.TrackDrawer for instance field UnityEditor.Timeline.TimelineTrackBaseGUI:m_Drawer assembly:C:\Users\qq825\Downloads\12341\自定义按键\Library\ScriptAssemblies\Unity.Timeline.Editor.dll type:TimelineTrackBaseGUI member:(null)
Could not resolve field token 0x04000450, due to: Invalid type UnityEditor.Timeline.TrackDrawer for instance field UnityEditor.Timeline.TimelineTrackBaseGUI:m_Drawer assembly:C:\Users\qq825\Downloads\12341\自定义按键\Library\ScriptAssemblies\Unity.Timeline.Editor.dll type:TimelineTrackBaseGUI member:(null)
Could not resolve field token 0x04000451, due to: Invalid type UnityEditor.Timeline.TrackDrawer for instance field UnityEditor.Timeline.TimelineTrackBaseGUI:m_Drawer assembly:C:\Users\qq825\Downloads\12341\自定义按键\Library\ScriptAssemblies\Unity.Timeline.Editor.dll type:TimelineTrackBaseGUI member:(null)
Could not resolve field token 0x04000452, due to: Invalid type UnityEditor.Timeline.TrackDrawer for instance field UnityEditor.Timeline.TimelineTrackBaseGUI:m_Drawer assembly:C:\Users\qq825\Downloads\12341\自定义按键\Library\ScriptAssemblies\Unity.Timeline.Editor.dll type:TimelineTrackBaseGUI member:(null)
Could not resolve field token 0x04000464, due to: Could not set up parent class, due to: Could not set up parent class, due to: Invalid type UnityEditor.Timeline.TrackDrawer for instance field UnityEditor.Timeline.TimelineTrackBaseGUI:m_Drawer assembly:C:\Users\qq825\Downloads\12341\自定义按键\Library\ScriptAssemblies\Unity.Timeline.Editor.dll type:TimelineTrackBaseGUI member:(null) assembly:C:\Users\qq825\Downloads\12341\自定义按键\Library\ScriptAssemblies\Unity.Timeline.Editor.dll type:TimelineGroupGUI member:(null) assembly:C:\Users\qq825\Downloads\12341\自定义按键\Library\ScriptAssemblies\Unity.Timeline.Editor.dll type:TimelineTrackGUI member:(null)
Could not resolve field token 0x04000465, due to: Could not set up parent class, due to: Could not set up parent class, due to: Invalid type UnityEditor.Timeline.TrackDrawer for instance field UnityEditor.Timeline.TimelineTrackBaseGUI:m_Drawer assembly:C:\Users\qq825\Downloads\12341\自定义按键\Library\ScriptAssemblies\Unity.Timeline.Editor.dll type:TimelineTrackBaseGUI member:(null) assembly:C:\Users\qq825\Downloads\12341\自定义按键\Library\ScriptAssemblies\Unity.Timeline.Editor.dll type:TimelineGroupGUI member:(null) assembly:C:\Users\qq825\Downloads\12341\自定义按键\Library\ScriptAssemblies\Unity.Timeline.Editor.dll type:TimelineTrackGUI member:(null)
Could not resolve field token 0x04000471, due to: Invalid type UnityEditor.Timeline.WindowState for instance field UnityEditor.Timeline.TimelineTreeView:m_State assembly:C:\Users\qq825\Downloads\12341\自定义按键\Library\ScriptAssemblies\Unity.Timeline.Editor.dll type:TimelineTreeView member:(null)
Could not resolve field token 0x04000472, due to: Invalid type UnityEditor.Timeline.WindowState for instance field UnityEditor.Timeline.TimelineTreeView:m_State assembly:C:\Users\qq825\Downloads\12341\自定义按键\Library\ScriptAssemblies\Unity.Timeline.Editor.dll type:TimelineTreeView member:(null)
Could not resolve field token 0x04000473, due to: Invalid type UnityEditor.Timeline.WindowState for instance field UnityEditor.Timeline.TimelineTreeView:m_State assembly:C:\Users\qq825\Downloads\12341\自定义按键\Library\ScriptAssemblies\Unity.Timeline.Editor.dll type:TimelineTreeView member:(null)
Could not load signature of TMPro.TMP_SpriteAsset:get_faceInfo due to: Could not load file or assembly 'UnityEngine.TextCoreModule, Version=0.0.0.0, Culture=neutral, PublicKeyToken=null' or one of its dependencies.
Could not load signature of TMPro.TMP_SpriteAsset:set_faceInfo due to: Could not load file or assembly 'UnityEngine.TextCoreModule, Version=0.0.0.0, Culture=neutral, PublicKeyToken=null' or one of its dependencies.
Could not load signature of TMPro.TMP_FontAsset:get_faceInfo due to: Could not load file or assembly 'UnityEngine.TextCoreModule, Version=0.0.0.0, Culture=neutral, PublicKeyToken=null' or one of its dependencies.
Could not load signature of TMPro.TMP_FontAsset:set_faceInfo due to: Could not load file or assembly 'UnityEngine.TextCoreModule, Version=0.0.0.0, Culture=neutral, PublicKeyToken=null' or one of its dependencies.
Could not load signature of TMPro.TMP_FontAsset:get_glyphTable due to: Could not load file or assembly 'UnityEngine.TextCoreModule, Version=0.0.0.0, Culture=neutral, PublicKeyToken=null' or one of its dependencies.
Could not load signature of TMPro.TMP_FontAsset:set_glyphTable due to: Could not load file or assembly 'UnityEngine.TextCoreModule, Version=0.0.0.0, Culture=neutral, PublicKeyToken=null' or one of its dependencies.
Could not load signature of TMPro.TMP_FontAsset:get_glyphLookupTable due to: Could not load file or assembly 'UnityEngine.TextCoreModule, Version=0.0.0.0, Culture=neutral, PublicKeyToken=null' or one of its dependencies.
Could not load signature of TMPro.TMP_FontAsset:get_usedGlyphRects due to: Could not load file or assembly 'UnityEngine.TextCoreModule, Version=0.0.0.0, Culture=neutral, PublicKeyToken=null' or one of its dependencies.
Could not load signature of TMPro.TMP_FontAsset:set_usedGlyphRects due to: Could not load file or assembly 'UnityEngine.TextCoreModule, Version=0.0.0.0, Culture=neutral, PublicKeyToken=null' or one of its dependencies.
Could not load signature of TMPro.TMP_FontAsset:get_freeGlyphRects due to: Could not load file or assembly 'UnityEngine.TextCoreModule, Version=0.0.0.0, Culture=neutral, PublicKeyToken=null' or one of its dependencies.
Could not load signature of TMPro.TMP_FontAsset:set_freeGlyphRects due to: Could not load file or assembly 'UnityEngine.TextCoreModule, Version=0.0.0.0, Culture=neutral, PublicKeyToken=null' or one of its dependencies.
Could not load signature of TMPro.TMP_FontAsset:get_atlasRenderMode due to: Could not load file or assembly 'UnityEngine.TextCoreModule, Version=0.0.0.0, Culture=neutral, PublicKeyToken=null' or one of its dependencies.
Could not load signature of TMPro.TMP_FontAsset:set_atlasRenderMode due to: Could not load file or assembly 'UnityEngine.TextCoreModule, Version=0.0.0.0, Culture=neutral, PublicKeyToken=null' or one of its dependencies.
Could not load signature of TMPro.TMP_FontAsset:CreateFontAsset due to: Could not load file or assembly 'UnityEngine.TextCoreModule, Version=0.0.0.0, Culture=neutral, PublicKeyToken=null' or one of its dependencies.
Unloading broken assembly Library/ScriptAssemblies/Unity.CollabProxy.Editor.dll, this assembly can cause crashes in the runtime
Unloading broken assembly Library/ScriptAssemblies/Unity.TextMeshPro.dll, this assembly can cause crashes in the runtime
Native extension for WindowsStandalone target not found
Refreshing native plugins compatible for Editor in 0.39 ms, found 2 plugins.
Preloading 0 native plugins for Editor in 0.00 ms.
Mono: successfully reloaded assembly
- Completed reload, in  0.600 seconds
Domain Reload Profiling:
	ReloadAssembly (601ms)
		BeginReloadAssembly (94ms)
			ExecutionOrderSort (0ms)
			DisableScriptedObjects (4ms)
			BackupInstance (0ms)
			ReleaseScriptingObjects (0ms)
			CreateAndSetChildDomain (28ms)
		EndReloadAssembly (436ms)
			LoadAssemblies (53ms)
			RebuildTransferFunctionScriptingTraits (0ms)
			SetupTypeCache (126ms)
			ReleaseScriptCaches (1ms)
			RebuildScriptCaches (29ms)
			SetupLoadedEditorAssemblies (199ms)
				LogAssemblyErrors (0ms)
				InitializePlatformSupportModulesInManaged (9ms)
				SetLoadedEditorAssemblies (0ms)
				RefreshPlugins (0ms)
				BeforeProcessingInitializeOnLoad (39ms)
				ProcessInitializeOnLoadAttributes (129ms)
				ProcessInitializeOnLoadMethodAttributes (19ms)
				AfterProcessingInitializeOnLoad (2ms)
				EditorAssembliesLoaded (0ms)
			ExecutionOrderSort2 (0ms)
			AwakeInstancesAfterBackupRestoration (4ms)
Platform modules already initialized, skipping
Could not load signature of TMPro.TMP_FontAsset:get_faceInfo due to: Could not load file or assembly 'UnityEngine.TextCoreModule, Version=0.0.0.0, Culture=neutral, PublicKeyToken=null' or one of its dependencies.
Could not load signature of TMPro.TMP_FontAsset:set_faceInfo due to: Could not load file or assembly 'UnityEngine.TextCoreModule, Version=0.0.0.0, Culture=neutral, PublicKeyToken=null' or one of its dependencies.
Could not load signature of TMPro.TMP_FontAsset:get_glyphTable due to: Could not load file or assembly 'UnityEngine.TextCoreModule, Version=0.0.0.0, Culture=neutral, PublicKeyToken=null' or one of its dependencies.
Could not load signature of TMPro.TMP_FontAsset:set_glyphTable due to: Could not load file or assembly 'UnityEngine.TextCoreModule, Version=0.0.0.0, Culture=neutral, PublicKeyToken=null' or one of its dependencies.
Could not load signature of TMPro.TMP_FontAsset:get_glyphLookupTable due to: Could not load file or assembly 'UnityEngine.TextCoreModule, Version=0.0.0.0, Culture=neutral, PublicKeyToken=null' or one of its dependencies.
Could not load signature of TMPro.TMP_FontAsset:get_usedGlyphRects due to: Could not load file or assembly 'UnityEngine.TextCoreModule, Version=0.0.0.0, Culture=neutral, PublicKeyToken=null' or one of its dependencies.
Could not load signature of TMPro.TMP_FontAsset:set_usedGlyphRects due to: Could not load file or assembly 'UnityEngine.TextCoreModule, Version=0.0.0.0, Culture=neutral, PublicKeyToken=null' or one of its dependencies.
Could not load signature of TMPro.TMP_FontAsset:get_freeGlyphRects due to: Could not load file or assembly 'UnityEngine.TextCoreModule, Version=0.0.0.0, Culture=neutral, PublicKeyToken=null' or one of its dependencies.
Could not load signature of TMPro.TMP_FontAsset:set_freeGlyphRects due to: Could not load file or assembly 'UnityEngine.TextCoreModule, Version=0.0.0.0, Culture=neutral, PublicKeyToken=null' or one of its dependencies.
Could not load signature of TMPro.TMP_FontAsset:get_atlasRenderMode due to: Could not load file or assembly 'UnityEngine.TextCoreModule, Version=0.0.0.0, Culture=neutral, PublicKeyToken=null' or one of its dependencies.
Could not load signature of TMPro.TMP_FontAsset:set_atlasRenderMode due to: Could not load file or assembly 'UnityEngine.TextCoreModule, Version=0.0.0.0, Culture=neutral, PublicKeyToken=null' or one of its dependencies.
Could not load signature of TMPro.TMP_FontAsset:CreateFontAsset due to: Could not load file or assembly 'UnityEngine.TextCoreModule, Version=0.0.0.0, Culture=neutral, PublicKeyToken=null' or one of its dependencies.
Could not load signature of TMPro.TMP_SpriteAsset:get_faceInfo due to: Could not load file or assembly 'UnityEngine.TextCoreModule, Version=0.0.0.0, Culture=neutral, PublicKeyToken=null' or one of its dependencies.
Could not load signature of TMPro.TMP_SpriteAsset:set_faceInfo due to: Could not load file or assembly 'UnityEngine.TextCoreModule, Version=0.0.0.0, Culture=neutral, PublicKeyToken=null' or one of its dependencies.
Refreshing native plugins compatible for Editor in 1.87 ms, found 2 plugins.
Preloading 0 native plugins for Editor in 0.00 ms.
Unloading 1720 Unused Serialized files (Serialized files now loaded: 0)
Unloading 12 unused Assets / (31.8 KB). Loaded Objects now: 2244.
Memory consumption went from 77.9 MB to 77.9 MB.
Total: 2.914600 ms (FindLiveObjects: 0.137800 ms CreateObjectMapping: 0.035200 ms MarkObjects: 2.724000 ms  DeleteObjects: 0.016800 ms)

AssetImportParameters requested are different than current active one (requested -> active):
  custom:video-decoder-ogg-theora: a1e56fd34408186e4bbccfd4996cb3dc -> 
  custom:container-muxer-webm: aa71ff27fc2769a1b78a27578f13a17b -> 
  custom:container-demuxer-webm: 4f35f7cbe854078d1ac9338744f61a02 -> 
  custom:video-encoder-webm-vp8: eb34c28f22e8b96e1ab97ce403110664 -> 
  custom:audio-encoder-webm-vorbis: bf7c407c2cedff20999df2af8eb42d56 -> 
  custom:framework-win-MediaFoundation: 216162199b28c13a410421893ffa2e32 -> 
  custom:container-demuxer-ogg: 62fdf1f143b41e24485cea50d1cbac27 -> 
  custom:video-decoder-webm-vp8: 9c59270c3fd7afecdb556c50c9e8de78 -> 
  custom:audio-decoder-ogg-vorbis: bf7c407c2cedff20999df2af8eb42d56 -> 
