Using pre-set license
Built from '2021.3/staging' branch; Version is '2021.3.11f1 (0a5ca18544bf) revision 679073'; Using compiler version '192829333'; Build Type 'Release'
OS: 'Windows 10  (10.0.19044) 64bit Professional' Language: 'zh' Physical Memory: 32653 MB
BatchMode: 1, IsHumanControllingUs: 0, StartBugReporterOnCrash: 0, Is64bit: 1, IsPro: 1

COMMAND LINE ARGUMENTS:
D:\unity安装\2021.3.11f1\Editor\Unity.exe
-adb2
-batchMode
-noUpm
-name
AssetImportWorker0
-projectPath
C:/Users/qq825/Downloads/12341/自定义按键
-logFile
Logs/AssetImportWorker0.log
-srvPort
52688
Successfully changed project path to: C:/Users/qq825/Downloads/12341/自定义按键
C:/Users/qq825/Downloads/12341/自定义按键
[UnityMemory] Configuration Parameters - Can be set up in boot.config
    "memorysetup-bucket-allocator-granularity=16"
    "memorysetup-bucket-allocator-bucket-count=8"
    "memorysetup-bucket-allocator-block-size=33554432"
    "memorysetup-bucket-allocator-block-count=8"
    "memorysetup-main-allocator-block-size=16777216"
    "memorysetup-thread-allocator-block-size=16777216"
    "memorysetup-gfx-main-allocator-block-size=16777216"
    "memorysetup-gfx-thread-allocator-block-size=16777216"
    "memorysetup-cache-allocator-block-size=4194304"
    "memorysetup-typetree-allocator-block-size=2097152"
    "memorysetup-profiler-bucket-allocator-granularity=16"
    "memorysetup-profiler-bucket-allocator-bucket-count=8"
    "memorysetup-profiler-bucket-allocator-block-size=33554432"
    "memorysetup-profiler-bucket-allocator-block-count=8"
    "memorysetup-profiler-allocator-block-size=16777216"
    "memorysetup-profiler-editor-allocator-block-size=1048576"
    "memorysetup-temp-allocator-size-main=16777216"
    "memorysetup-job-temp-allocator-block-size=2097152"
    "memorysetup-job-temp-allocator-block-size-background=1048576"
    "memorysetup-job-temp-allocator-reduction-small-platforms=262144"
    "memorysetup-temp-allocator-size-background-worker=32768"
    "memorysetup-temp-allocator-size-job-worker=262144"
    "memorysetup-temp-allocator-size-preload-manager=33554432"
    "memorysetup-temp-allocator-size-nav-mesh-worker=65536"
    "memorysetup-temp-allocator-size-audio-worker=65536"
    "memorysetup-temp-allocator-size-cloud-worker=32768"
    "memorysetup-temp-allocator-size-gi-baking-worker=262144"
    "memorysetup-temp-allocator-size-gfx=262144"
Refreshing native plugins compatible for Editor in 26.15 ms, found 2 plugins.
Preloading 0 native plugins for Editor in 0.00 ms.
Initialize engine version: 2021.3.11f1 (0a5ca18544bf)
[Subsystems] Discovering subsystems at path D:/unity安装/2021.3.11f1/Editor/Data/Resources/UnitySubsystems
[Subsystems] Discovering subsystems at path C:/Users/qq825/Downloads/12341/自定义按键/Assets
GfxDevice: creating device client; threaded=0; jobified=0
Direct3D:
    Version:  Direct3D 11.0 [level 11.1]
    Renderer: NVIDIA GeForce RTX 3070 Ti (ID=0x2482)
    Vendor:   NVIDIA
    VRAM:     8041 MB
    Driver:   30.0.15.1215
Initialize mono
Mono path[0] = 'D:/unity安装/2021.3.11f1/Editor/Data/Managed'
Mono path[1] = 'D:/unity安装/2021.3.11f1/Editor/Data/MonoBleedingEdge/lib/mono/unityjit-win32'
Mono config path = 'D:/unity安装/2021.3.11f1/Editor/Data/MonoBleedingEdge/etc'
Using monoOptions --debugger-agent=transport=dt_socket,embedding=1,server=y,suspend=n,address=127.0.0.1:56884
Begin MonoManager ReloadAssembly
Registering precompiled unity dll's ...
Register platform support module: D:/unity安装/2021.3.11f1/Editor/Data/PlaybackEngines/WindowsStandaloneSupport/UnityEditor.WindowsStandalone.Extensions.dll
Registered in 0.002087 seconds.
Native extension for WindowsStandalone target not found
Refreshing native plugins compatible for Editor in 20.96 ms, found 2 plugins.
Preloading 0 native plugins for Editor in 0.00 ms.
Mono: successfully reloaded assembly
- Completed reload, in  0.441 seconds
Domain Reload Profiling:
	ReloadAssembly (442ms)
		BeginReloadAssembly (57ms)
			ExecutionOrderSort (0ms)
			DisableScriptedObjects (0ms)
			BackupInstance (0ms)
			ReleaseScriptingObjects (0ms)
			CreateAndSetChildDomain (1ms)
		EndReloadAssembly (300ms)
			LoadAssemblies (56ms)
			RebuildTransferFunctionScriptingTraits (0ms)
			SetupTypeCache (86ms)
			ReleaseScriptCaches (0ms)
			RebuildScriptCaches (20ms)
			SetupLoadedEditorAssemblies (157ms)
				LogAssemblyErrors (0ms)
				InitializePlatformSupportModulesInManaged (5ms)
				SetLoadedEditorAssemblies (0ms)
				RefreshPlugins (21ms)
				BeforeProcessingInitializeOnLoad (1ms)
				ProcessInitializeOnLoadAttributes (88ms)
				ProcessInitializeOnLoadMethodAttributes (41ms)
				AfterProcessingInitializeOnLoad (0ms)
				EditorAssembliesLoaded (0ms)
			ExecutionOrderSort2 (0ms)
			AwakeInstancesAfterBackupRestoration (0ms)
Platform modules already initialized, skipping
Registering precompiled user dll's ...
Registered in 0.004677 seconds.
Begin MonoManager ReloadAssembly
Native extension for WindowsStandalone target not found
Refreshing native plugins compatible for Editor in 0.64 ms, found 2 plugins.
Preloading 0 native plugins for Editor in 0.00 ms.
Mono: successfully reloaded assembly
- Completed reload, in  0.739 seconds
Domain Reload Profiling:
	ReloadAssembly (740ms)
		BeginReloadAssembly (95ms)
			ExecutionOrderSort (0ms)
			DisableScriptedObjects (5ms)
			BackupInstance (0ms)
			ReleaseScriptingObjects (0ms)
			CreateAndSetChildDomain (22ms)
		EndReloadAssembly (548ms)
			LoadAssemblies (55ms)
			RebuildTransferFunctionScriptingTraits (0ms)
			SetupTypeCache (182ms)
			ReleaseScriptCaches (0ms)
			RebuildScriptCaches (35ms)
			SetupLoadedEditorAssemblies (243ms)
				LogAssemblyErrors (0ms)
				InitializePlatformSupportModulesInManaged (3ms)
				SetLoadedEditorAssemblies (0ms)
				RefreshPlugins (1ms)
				BeforeProcessingInitializeOnLoad (42ms)
				ProcessInitializeOnLoadAttributes (167ms)
				ProcessInitializeOnLoadMethodAttributes (26ms)
				AfterProcessingInitializeOnLoad (4ms)
				EditorAssembliesLoaded (0ms)
			ExecutionOrderSort2 (0ms)
			AwakeInstancesAfterBackupRestoration (5ms)
Platform modules already initialized, skipping
========================================================================
Worker process is ready to serve import requests
Launched and connected shader compiler UnityShaderCompiler.exe after 0.05 seconds
Refreshing native plugins compatible for Editor in 0.41 ms, found 2 plugins.
Preloading 0 native plugins for Editor in 0.00 ms.
Unloading 1725 Unused Serialized files (Serialized files now loaded: 0)
Unloading 19 unused Assets / (56.5 KB). Loaded Objects now: 2189.
Memory consumption went from 77.6 MB to 77.5 MB.
Total: 2.364200 ms (FindLiveObjects: 0.136900 ms CreateObjectMapping: 0.034200 ms MarkObjects: 2.125300 ms  DeleteObjects: 0.066900 ms)

AssetImportParameters requested are different than current active one (requested -> active):
  custom:video-decoder-ogg-theora: a1e56fd34408186e4bbccfd4996cb3dc -> 
  custom:container-muxer-webm: aa71ff27fc2769a1b78a27578f13a17b -> 
  custom:container-demuxer-webm: 4f35f7cbe854078d1ac9338744f61a02 -> 
  custom:video-encoder-webm-vp8: eb34c28f22e8b96e1ab97ce403110664 -> 
  custom:audio-encoder-webm-vorbis: bf7c407c2cedff20999df2af8eb42d56 -> 
  custom:framework-win-MediaFoundation: 216162199b28c13a410421893ffa2e32 -> 
  custom:container-demuxer-ogg: 62fdf1f143b41e24485cea50d1cbac27 -> 
  custom:video-decoder-webm-vp8: 9c59270c3fd7afecdb556c50c9e8de78 -> 
  custom:audio-decoder-ogg-vorbis: bf7c407c2cedff20999df2af8eb42d56 -> 
========================================================================
Received Import Request.
  Time since last request: 1064518.468400 seconds.
  path: Assets/New Material.mat
  artifactKey: Guid(9bdf92719d3da0a43af1b4a25dc78abe) Importer(815301076,1909f56bfc062723c751e8b465ee728b)
Start importing Assets/New Material.mat using Guid(9bdf92719d3da0a43af1b4a25dc78abe) Importer(815301076,1909f56bfc062723c751e8b465ee728b)  -> (artifact id: 'e65116fcb78a516573b3804727aaeadb') in 0.294763 seconds 
========================================================================
Received Import Request.
  Time since last request: 4.887466 seconds.
  path: Assets/Player.cs
  artifactKey: Guid(720de07106029a34bbbbab9e9322af80) Importer(815301076,1909f56bfc062723c751e8b465ee728b)
Start importing Assets/Player.cs using Guid(720de07106029a34bbbbab9e9322af80) Importer(815301076,1909f56bfc062723c751e8b465ee728b)  -> (artifact id: '393f1062cbde5c490d69052e9222dfbe') in 0.008907 seconds 
========================================================================
Received Prepare
Registering precompiled user dll's ...
Registered in 0.002816 seconds.
Begin MonoManager ReloadAssembly
Native extension for WindowsStandalone target not found
Refreshing native plugins compatible for Editor in 0.39 ms, found 2 plugins.
Preloading 0 native plugins for Editor in 0.00 ms.
Mono: successfully reloaded assembly
- Completed reload, in  0.621 seconds
Domain Reload Profiling:
	ReloadAssembly (621ms)
		BeginReloadAssembly (96ms)
			ExecutionOrderSort (0ms)
			DisableScriptedObjects (3ms)
			BackupInstance (0ms)
			ReleaseScriptingObjects (0ms)
			CreateAndSetChildDomain (28ms)
		EndReloadAssembly (453ms)
			LoadAssemblies (55ms)
			RebuildTransferFunctionScriptingTraits (0ms)
			SetupTypeCache (124ms)
			ReleaseScriptCaches (1ms)
			RebuildScriptCaches (31ms)
			SetupLoadedEditorAssemblies (217ms)
				LogAssemblyErrors (0ms)
				InitializePlatformSupportModulesInManaged (12ms)
				SetLoadedEditorAssemblies (0ms)
				RefreshPlugins (0ms)
				BeforeProcessingInitializeOnLoad (38ms)
				ProcessInitializeOnLoadAttributes (145ms)
				ProcessInitializeOnLoadMethodAttributes (20ms)
				AfterProcessingInitializeOnLoad (2ms)
				EditorAssembliesLoaded (0ms)
			ExecutionOrderSort2 (0ms)
			AwakeInstancesAfterBackupRestoration (4ms)
Platform modules already initialized, skipping
Refreshing native plugins compatible for Editor in 1.38 ms, found 2 plugins.
Preloading 0 native plugins for Editor in 0.00 ms.
Unloading 1720 Unused Serialized files (Serialized files now loaded: 0)
Unloading 12 unused Assets / (31.7 KB). Loaded Objects now: 2233.
Memory consumption went from 81.7 MB to 81.7 MB.
Total: 4.060900 ms (FindLiveObjects: 0.222800 ms CreateObjectMapping: 0.046800 ms MarkObjects: 3.761500 ms  DeleteObjects: 0.028600 ms)

AssetImportParameters requested are different than current active one (requested -> active):
  custom:video-decoder-ogg-theora: a1e56fd34408186e4bbccfd4996cb3dc -> 
  custom:container-muxer-webm: aa71ff27fc2769a1b78a27578f13a17b -> 
  custom:container-demuxer-webm: 4f35f7cbe854078d1ac9338744f61a02 -> 
  custom:video-encoder-webm-vp8: eb34c28f22e8b96e1ab97ce403110664 -> 
  custom:audio-encoder-webm-vorbis: bf7c407c2cedff20999df2af8eb42d56 -> 
  custom:framework-win-MediaFoundation: 216162199b28c13a410421893ffa2e32 -> 
  custom:container-demuxer-ogg: 62fdf1f143b41e24485cea50d1cbac27 -> 
  custom:video-decoder-webm-vp8: 9c59270c3fd7afecdb556c50c9e8de78 -> 
  custom:audio-decoder-ogg-vorbis: bf7c407c2cedff20999df2af8eb42d56 -> 
========================================================================
Received Prepare
Registering precompiled user dll's ...
Registered in 0.002482 seconds.
Begin MonoManager ReloadAssembly
Native extension for WindowsStandalone target not found
Refreshing native plugins compatible for Editor in 0.38 ms, found 2 plugins.
Preloading 0 native plugins for Editor in 0.00 ms.
Mono: successfully reloaded assembly
- Completed reload, in  0.630 seconds
Domain Reload Profiling:
	ReloadAssembly (631ms)
		BeginReloadAssembly (92ms)
			ExecutionOrderSort (0ms)
			DisableScriptedObjects (4ms)
			BackupInstance (0ms)
			ReleaseScriptingObjects (0ms)
			CreateAndSetChildDomain (27ms)
		EndReloadAssembly (469ms)
			LoadAssemblies (50ms)
			RebuildTransferFunctionScriptingTraits (0ms)
			SetupTypeCache (129ms)
			ReleaseScriptCaches (1ms)
			RebuildScriptCaches (35ms)
			SetupLoadedEditorAssemblies (219ms)
				LogAssemblyErrors (0ms)
				InitializePlatformSupportModulesInManaged (9ms)
				SetLoadedEditorAssemblies (0ms)
				RefreshPlugins (0ms)
				BeforeProcessingInitializeOnLoad (40ms)
				ProcessInitializeOnLoadAttributes (144ms)
				ProcessInitializeOnLoadMethodAttributes (24ms)
				AfterProcessingInitializeOnLoad (3ms)
				EditorAssembliesLoaded (0ms)
			ExecutionOrderSort2 (0ms)
			AwakeInstancesAfterBackupRestoration (5ms)
Platform modules already initialized, skipping
Refreshing native plugins compatible for Editor in 1.19 ms, found 2 plugins.
Preloading 0 native plugins for Editor in 0.00 ms.
Unloading 1720 Unused Serialized files (Serialized files now loaded: 0)
Unloading 12 unused Assets / (31.8 KB). Loaded Objects now: 2236.
Memory consumption went from 81.7 MB to 81.7 MB.
Total: 3.586100 ms (FindLiveObjects: 0.246800 ms CreateObjectMapping: 0.049700 ms MarkObjects: 3.265900 ms  DeleteObjects: 0.022400 ms)

AssetImportParameters requested are different than current active one (requested -> active):
  custom:video-decoder-ogg-theora: a1e56fd34408186e4bbccfd4996cb3dc -> 
  custom:container-muxer-webm: aa71ff27fc2769a1b78a27578f13a17b -> 
  custom:container-demuxer-webm: 4f35f7cbe854078d1ac9338744f61a02 -> 
  custom:video-encoder-webm-vp8: eb34c28f22e8b96e1ab97ce403110664 -> 
  custom:audio-encoder-webm-vorbis: bf7c407c2cedff20999df2af8eb42d56 -> 
  custom:framework-win-MediaFoundation: 216162199b28c13a410421893ffa2e32 -> 
  custom:container-demuxer-ogg: 62fdf1f143b41e24485cea50d1cbac27 -> 
  custom:video-decoder-webm-vp8: 9c59270c3fd7afecdb556c50c9e8de78 -> 
  custom:audio-decoder-ogg-vorbis: bf7c407c2cedff20999df2af8eb42d56 -> 
========================================================================
Received Prepare
Registering precompiled user dll's ...
Registered in 0.002986 seconds.
Begin MonoManager ReloadAssembly
Native extension for WindowsStandalone target not found
Refreshing native plugins compatible for Editor in 0.39 ms, found 2 plugins.
Preloading 0 native plugins for Editor in 0.00 ms.
Mono: successfully reloaded assembly
- Completed reload, in  0.602 seconds
Domain Reload Profiling:
	ReloadAssembly (603ms)
		BeginReloadAssembly (90ms)
			ExecutionOrderSort (0ms)
			DisableScriptedObjects (4ms)
			BackupInstance (0ms)
			ReleaseScriptingObjects (0ms)
			CreateAndSetChildDomain (26ms)
		EndReloadAssembly (442ms)
			LoadAssemblies (50ms)
			RebuildTransferFunctionScriptingTraits (0ms)
			SetupTypeCache (119ms)
			ReleaseScriptCaches (1ms)
			RebuildScriptCaches (28ms)
			SetupLoadedEditorAssemblies (217ms)
				LogAssemblyErrors (0ms)
				InitializePlatformSupportModulesInManaged (8ms)
				SetLoadedEditorAssemblies (0ms)
				RefreshPlugins (0ms)
				BeforeProcessingInitializeOnLoad (43ms)
				ProcessInitializeOnLoadAttributes (140ms)
				ProcessInitializeOnLoadMethodAttributes (22ms)
				AfterProcessingInitializeOnLoad (3ms)
				EditorAssembliesLoaded (0ms)
			ExecutionOrderSort2 (0ms)
			AwakeInstancesAfterBackupRestoration (6ms)
Platform modules already initialized, skipping
Refreshing native plugins compatible for Editor in 1.22 ms, found 2 plugins.
Preloading 0 native plugins for Editor in 0.00 ms.
Unloading 1720 Unused Serialized files (Serialized files now loaded: 0)
Unloading 12 unused Assets / (31.7 KB). Loaded Objects now: 2239.
Memory consumption went from 81.7 MB to 81.7 MB.
Total: 2.381400 ms (FindLiveObjects: 0.151700 ms CreateObjectMapping: 0.033500 ms MarkObjects: 2.177500 ms  DeleteObjects: 0.018100 ms)

AssetImportParameters requested are different than current active one (requested -> active):
  custom:video-decoder-ogg-theora: a1e56fd34408186e4bbccfd4996cb3dc -> 
  custom:container-muxer-webm: aa71ff27fc2769a1b78a27578f13a17b -> 
  custom:container-demuxer-webm: 4f35f7cbe854078d1ac9338744f61a02 -> 
  custom:video-encoder-webm-vp8: eb34c28f22e8b96e1ab97ce403110664 -> 
  custom:audio-encoder-webm-vorbis: bf7c407c2cedff20999df2af8eb42d56 -> 
  custom:framework-win-MediaFoundation: 216162199b28c13a410421893ffa2e32 -> 
  custom:container-demuxer-ogg: 62fdf1f143b41e24485cea50d1cbac27 -> 
  custom:video-decoder-webm-vp8: 9c59270c3fd7afecdb556c50c9e8de78 -> 
  custom:audio-decoder-ogg-vorbis: bf7c407c2cedff20999df2af8eb42d56 -> 
========================================================================
Received Prepare
Registering precompiled user dll's ...
Registered in 0.003788 seconds.
Begin MonoManager ReloadAssembly
Native extension for WindowsStandalone target not found
Refreshing native plugins compatible for Editor in 0.39 ms, found 2 plugins.
Preloading 0 native plugins for Editor in 0.00 ms.
Mono: successfully reloaded assembly
- Completed reload, in  0.613 seconds
Domain Reload Profiling:
	ReloadAssembly (614ms)
		BeginReloadAssembly (92ms)
			ExecutionOrderSort (0ms)
			DisableScriptedObjects (4ms)
			BackupInstance (0ms)
			ReleaseScriptingObjects (0ms)
			CreateAndSetChildDomain (25ms)
		EndReloadAssembly (456ms)
			LoadAssemblies (54ms)
			RebuildTransferFunctionScriptingTraits (0ms)
			SetupTypeCache (124ms)
			ReleaseScriptCaches (1ms)
			RebuildScriptCaches (27ms)
			SetupLoadedEditorAssemblies (223ms)
				LogAssemblyErrors (0ms)
				InitializePlatformSupportModulesInManaged (8ms)
				SetLoadedEditorAssemblies (0ms)
				RefreshPlugins (0ms)
				BeforeProcessingInitializeOnLoad (39ms)
				ProcessInitializeOnLoadAttributes (147ms)
				ProcessInitializeOnLoadMethodAttributes (26ms)
				AfterProcessingInitializeOnLoad (3ms)
				EditorAssembliesLoaded (0ms)
			ExecutionOrderSort2 (0ms)
			AwakeInstancesAfterBackupRestoration (6ms)
Platform modules already initialized, skipping
Refreshing native plugins compatible for Editor in 1.15 ms, found 2 plugins.
Preloading 0 native plugins for Editor in 0.00 ms.
Unloading 1720 Unused Serialized files (Serialized files now loaded: 0)
Unloading 12 unused Assets / (31.7 KB). Loaded Objects now: 2242.
Memory consumption went from 81.7 MB to 81.7 MB.
Total: 3.483000 ms (FindLiveObjects: 0.229700 ms CreateObjectMapping: 0.049000 ms MarkObjects: 3.179300 ms  DeleteObjects: 0.024300 ms)

AssetImportParameters requested are different than current active one (requested -> active):
  custom:video-decoder-ogg-theora: a1e56fd34408186e4bbccfd4996cb3dc -> 
  custom:container-muxer-webm: aa71ff27fc2769a1b78a27578f13a17b -> 
  custom:container-demuxer-webm: 4f35f7cbe854078d1ac9338744f61a02 -> 
  custom:video-encoder-webm-vp8: eb34c28f22e8b96e1ab97ce403110664 -> 
  custom:audio-encoder-webm-vorbis: bf7c407c2cedff20999df2af8eb42d56 -> 
  custom:framework-win-MediaFoundation: 216162199b28c13a410421893ffa2e32 -> 
  custom:container-demuxer-ogg: 62fdf1f143b41e24485cea50d1cbac27 -> 
  custom:video-decoder-webm-vp8: 9c59270c3fd7afecdb556c50c9e8de78 -> 
  custom:audio-decoder-ogg-vorbis: bf7c407c2cedff20999df2af8eb42d56 -> 
========================================================================
Received Import Request.
  Time since last request: 250.089368 seconds.
  path: Assets/Item.cs
  artifactKey: Guid(90752c88a55229d40a313c28c624ea4a) Importer(815301076,1909f56bfc062723c751e8b465ee728b)
Start importing Assets/Item.cs using Guid(90752c88a55229d40a313c28c624ea4a) Importer(815301076,1909f56bfc062723c751e8b465ee728b)  -> (artifact id: 'b5422c24ffcf755a1e78bdbb3b4521bb') in 0.008116 seconds 
========================================================================
Received Prepare
Registering precompiled user dll's ...
Registered in 0.002705 seconds.
Begin MonoManager ReloadAssembly
Native extension for WindowsStandalone target not found
Refreshing native plugins compatible for Editor in 0.32 ms, found 2 plugins.
Preloading 0 native plugins for Editor in 0.00 ms.
Mono: successfully reloaded assembly
- Completed reload, in  0.607 seconds
Domain Reload Profiling:
	ReloadAssembly (607ms)
		BeginReloadAssembly (93ms)
			ExecutionOrderSort (0ms)
			DisableScriptedObjects (4ms)
			BackupInstance (0ms)
			ReleaseScriptingObjects (0ms)
			CreateAndSetChildDomain (26ms)
		EndReloadAssembly (449ms)
			LoadAssemblies (55ms)
			RebuildTransferFunctionScriptingTraits (0ms)
			SetupTypeCache (123ms)
			ReleaseScriptCaches (1ms)
			RebuildScriptCaches (27ms)
			SetupLoadedEditorAssemblies (215ms)
				LogAssemblyErrors (0ms)
				InitializePlatformSupportModulesInManaged (9ms)
				SetLoadedEditorAssemblies (0ms)
				RefreshPlugins (0ms)
				BeforeProcessingInitializeOnLoad (38ms)
				ProcessInitializeOnLoadAttributes (140ms)
				ProcessInitializeOnLoadMethodAttributes (24ms)
				AfterProcessingInitializeOnLoad (2ms)
				EditorAssembliesLoaded (0ms)
			ExecutionOrderSort2 (0ms)
			AwakeInstancesAfterBackupRestoration (5ms)
Platform modules already initialized, skipping
Refreshing native plugins compatible for Editor in 1.18 ms, found 2 plugins.
Preloading 0 native plugins for Editor in 0.00 ms.
Unloading 1720 Unused Serialized files (Serialized files now loaded: 0)
Unloading 12 unused Assets / (31.8 KB). Loaded Objects now: 2245.
Memory consumption went from 81.7 MB to 81.7 MB.
Total: 3.476000 ms (FindLiveObjects: 0.257900 ms CreateObjectMapping: 0.049000 ms MarkObjects: 3.146900 ms  DeleteObjects: 0.021200 ms)

AssetImportParameters requested are different than current active one (requested -> active):
  custom:video-decoder-ogg-theora: a1e56fd34408186e4bbccfd4996cb3dc -> 
  custom:container-muxer-webm: aa71ff27fc2769a1b78a27578f13a17b -> 
  custom:container-demuxer-webm: 4f35f7cbe854078d1ac9338744f61a02 -> 
  custom:video-encoder-webm-vp8: eb34c28f22e8b96e1ab97ce403110664 -> 
  custom:audio-encoder-webm-vorbis: bf7c407c2cedff20999df2af8eb42d56 -> 
  custom:framework-win-MediaFoundation: 216162199b28c13a410421893ffa2e32 -> 
  custom:container-demuxer-ogg: 62fdf1f143b41e24485cea50d1cbac27 -> 
  custom:video-decoder-webm-vp8: 9c59270c3fd7afecdb556c50c9e8de78 -> 
  custom:audio-decoder-ogg-vorbis: bf7c407c2cedff20999df2af8eb42d56 -> 
========================================================================
Received Prepare
Registering precompiled user dll's ...
Registered in 0.003068 seconds.
Begin MonoManager ReloadAssembly
Native extension for WindowsStandalone target not found
Refreshing native plugins compatible for Editor in 0.38 ms, found 2 plugins.
Preloading 0 native plugins for Editor in 0.00 ms.
Mono: successfully reloaded assembly
- Completed reload, in  0.587 seconds
Domain Reload Profiling:
	ReloadAssembly (588ms)
		BeginReloadAssembly (91ms)
			ExecutionOrderSort (0ms)
			DisableScriptedObjects (5ms)
			BackupInstance (0ms)
			ReleaseScriptingObjects (0ms)
			CreateAndSetChildDomain (25ms)
		EndReloadAssembly (431ms)
			LoadAssemblies (54ms)
			RebuildTransferFunctionScriptingTraits (0ms)
			SetupTypeCache (115ms)
			ReleaseScriptCaches (1ms)
			RebuildScriptCaches (27ms)
			SetupLoadedEditorAssemblies (205ms)
				LogAssemblyErrors (0ms)
				InitializePlatformSupportModulesInManaged (9ms)
				SetLoadedEditorAssemblies (0ms)
				RefreshPlugins (0ms)
				BeforeProcessingInitializeOnLoad (37ms)
				ProcessInitializeOnLoadAttributes (135ms)
				ProcessInitializeOnLoadMethodAttributes (21ms)
				AfterProcessingInitializeOnLoad (2ms)
				EditorAssembliesLoaded (0ms)
			ExecutionOrderSort2 (0ms)
			AwakeInstancesAfterBackupRestoration (4ms)
Platform modules already initialized, skipping
Refreshing native plugins compatible for Editor in 1.56 ms, found 2 plugins.
Preloading 0 native plugins for Editor in 0.00 ms.
Unloading 1720 Unused Serialized files (Serialized files now loaded: 0)
Unloading 12 unused Assets / (31.8 KB). Loaded Objects now: 2248.
Memory consumption went from 81.7 MB to 81.7 MB.
Total: 3.146200 ms (FindLiveObjects: 0.186400 ms CreateObjectMapping: 0.040900 ms MarkObjects: 2.891100 ms  DeleteObjects: 0.026900 ms)

AssetImportParameters requested are different than current active one (requested -> active):
  custom:video-decoder-ogg-theora: a1e56fd34408186e4bbccfd4996cb3dc -> 
  custom:container-muxer-webm: aa71ff27fc2769a1b78a27578f13a17b -> 
  custom:container-demuxer-webm: 4f35f7cbe854078d1ac9338744f61a02 -> 
  custom:video-encoder-webm-vp8: eb34c28f22e8b96e1ab97ce403110664 -> 
  custom:audio-encoder-webm-vorbis: bf7c407c2cedff20999df2af8eb42d56 -> 
  custom:framework-win-MediaFoundation: 216162199b28c13a410421893ffa2e32 -> 
  custom:container-demuxer-ogg: 62fdf1f143b41e24485cea50d1cbac27 -> 
  custom:video-decoder-webm-vp8: 9c59270c3fd7afecdb556c50c9e8de78 -> 
  custom:audio-decoder-ogg-vorbis: bf7c407c2cedff20999df2af8eb42d56 -> 
========================================================================
Received Prepare
Registering precompiled user dll's ...
Registered in 0.002844 seconds.
Begin MonoManager ReloadAssembly
Native extension for WindowsStandalone target not found
Refreshing native plugins compatible for Editor in 0.39 ms, found 2 plugins.
Preloading 0 native plugins for Editor in 0.00 ms.
Mono: successfully reloaded assembly
- Completed reload, in  0.599 seconds
Domain Reload Profiling:
	ReloadAssembly (599ms)
		BeginReloadAssembly (91ms)
			ExecutionOrderSort (0ms)
			DisableScriptedObjects (4ms)
			BackupInstance (0ms)
			ReleaseScriptingObjects (0ms)
			CreateAndSetChildDomain (26ms)
		EndReloadAssembly (444ms)
			LoadAssemblies (51ms)
			RebuildTransferFunctionScriptingTraits (0ms)
			SetupTypeCache (119ms)
			ReleaseScriptCaches (1ms)
			RebuildScriptCaches (28ms)
			SetupLoadedEditorAssemblies (213ms)
				LogAssemblyErrors (0ms)
				InitializePlatformSupportModulesInManaged (8ms)
				SetLoadedEditorAssemblies (0ms)
				RefreshPlugins (0ms)
				BeforeProcessingInitializeOnLoad (38ms)
				ProcessInitializeOnLoadAttributes (142ms)
				ProcessInitializeOnLoadMethodAttributes (21ms)
				AfterProcessingInitializeOnLoad (3ms)
				EditorAssembliesLoaded (0ms)
			ExecutionOrderSort2 (0ms)
			AwakeInstancesAfterBackupRestoration (5ms)
Platform modules already initialized, skipping
Refreshing native plugins compatible for Editor in 1.88 ms, found 2 plugins.
Preloading 0 native plugins for Editor in 0.00 ms.
Unloading 1720 Unused Serialized files (Serialized files now loaded: 0)
Unloading 12 unused Assets / (31.8 KB). Loaded Objects now: 2251.
Memory consumption went from 81.7 MB to 81.7 MB.
Total: 3.649000 ms (FindLiveObjects: 0.261900 ms CreateObjectMapping: 0.056000 ms MarkObjects: 3.305900 ms  DeleteObjects: 0.024200 ms)

AssetImportParameters requested are different than current active one (requested -> active):
  custom:video-decoder-ogg-theora: a1e56fd34408186e4bbccfd4996cb3dc -> 
  custom:container-muxer-webm: aa71ff27fc2769a1b78a27578f13a17b -> 
  custom:container-demuxer-webm: 4f35f7cbe854078d1ac9338744f61a02 -> 
  custom:video-encoder-webm-vp8: eb34c28f22e8b96e1ab97ce403110664 -> 
  custom:audio-encoder-webm-vorbis: bf7c407c2cedff20999df2af8eb42d56 -> 
  custom:framework-win-MediaFoundation: 216162199b28c13a410421893ffa2e32 -> 
  custom:container-demuxer-ogg: 62fdf1f143b41e24485cea50d1cbac27 -> 
  custom:video-decoder-webm-vp8: 9c59270c3fd7afecdb556c50c9e8de78 -> 
  custom:audio-decoder-ogg-vorbis: bf7c407c2cedff20999df2af8eb42d56 -> 
========================================================================
Received Prepare
Registering precompiled user dll's ...
Registered in 0.002972 seconds.
Begin MonoManager ReloadAssembly
Native extension for WindowsStandalone target not found
Refreshing native plugins compatible for Editor in 0.30 ms, found 2 plugins.
Preloading 0 native plugins for Editor in 0.00 ms.
Mono: successfully reloaded assembly
- Completed reload, in  0.599 seconds
Domain Reload Profiling:
	ReloadAssembly (600ms)
		BeginReloadAssembly (92ms)
			ExecutionOrderSort (0ms)
			DisableScriptedObjects (5ms)
			BackupInstance (0ms)
			ReleaseScriptingObjects (0ms)
			CreateAndSetChildDomain (26ms)
		EndReloadAssembly (443ms)
			LoadAssemblies (51ms)
			RebuildTransferFunctionScriptingTraits (0ms)
			SetupTypeCache (121ms)
			ReleaseScriptCaches (1ms)
			RebuildScriptCaches (29ms)
			SetupLoadedEditorAssemblies (213ms)
				LogAssemblyErrors (0ms)
				InitializePlatformSupportModulesInManaged (8ms)
				SetLoadedEditorAssemblies (0ms)
				RefreshPlugins (0ms)
				BeforeProcessingInitializeOnLoad (38ms)
				ProcessInitializeOnLoadAttributes (138ms)
				ProcessInitializeOnLoadMethodAttributes (24ms)
				AfterProcessingInitializeOnLoad (3ms)
				EditorAssembliesLoaded (0ms)
			ExecutionOrderSort2 (0ms)
			AwakeInstancesAfterBackupRestoration (6ms)
Platform modules already initialized, skipping
Refreshing native plugins compatible for Editor in 2.09 ms, found 2 plugins.
Preloading 0 native plugins for Editor in 0.00 ms.
Unloading 1720 Unused Serialized files (Serialized files now loaded: 0)
Unloading 12 unused Assets / (31.8 KB). Loaded Objects now: 2254.
Memory consumption went from 81.7 MB to 81.7 MB.
Total: 3.517000 ms (FindLiveObjects: 0.218700 ms CreateObjectMapping: 0.048300 ms MarkObjects: 3.229400 ms  DeleteObjects: 0.019900 ms)

AssetImportParameters requested are different than current active one (requested -> active):
  custom:video-decoder-ogg-theora: a1e56fd34408186e4bbccfd4996cb3dc -> 
  custom:container-muxer-webm: aa71ff27fc2769a1b78a27578f13a17b -> 
  custom:container-demuxer-webm: 4f35f7cbe854078d1ac9338744f61a02 -> 
  custom:video-encoder-webm-vp8: eb34c28f22e8b96e1ab97ce403110664 -> 
  custom:audio-encoder-webm-vorbis: bf7c407c2cedff20999df2af8eb42d56 -> 
  custom:framework-win-MediaFoundation: 216162199b28c13a410421893ffa2e32 -> 
  custom:container-demuxer-ogg: 62fdf1f143b41e24485cea50d1cbac27 -> 
  custom:video-decoder-webm-vp8: 9c59270c3fd7afecdb556c50c9e8de78 -> 
  custom:audio-decoder-ogg-vorbis: bf7c407c2cedff20999df2af8eb42d56 -> 
========================================================================
Received Prepare
Registering precompiled user dll's ...
Registered in 0.003017 seconds.
Begin MonoManager ReloadAssembly
Native extension for WindowsStandalone target not found
Refreshing native plugins compatible for Editor in 0.43 ms, found 2 plugins.
Preloading 0 native plugins for Editor in 0.00 ms.
Mono: successfully reloaded assembly
- Completed reload, in  0.604 seconds
Domain Reload Profiling:
	ReloadAssembly (605ms)
		BeginReloadAssembly (92ms)
			ExecutionOrderSort (0ms)
			DisableScriptedObjects (5ms)
			BackupInstance (0ms)
			ReleaseScriptingObjects (0ms)
			CreateAndSetChildDomain (26ms)
		EndReloadAssembly (447ms)
			LoadAssemblies (52ms)
			RebuildTransferFunctionScriptingTraits (0ms)
			SetupTypeCache (121ms)
			ReleaseScriptCaches (1ms)
			RebuildScriptCaches (28ms)
			SetupLoadedEditorAssemblies (218ms)
				LogAssemblyErrors (0ms)
				InitializePlatformSupportModulesInManaged (8ms)
				SetLoadedEditorAssemblies (0ms)
				RefreshPlugins (0ms)
				BeforeProcessingInitializeOnLoad (38ms)
				ProcessInitializeOnLoadAttributes (144ms)
				ProcessInitializeOnLoadMethodAttributes (23ms)
				AfterProcessingInitializeOnLoad (3ms)
				EditorAssembliesLoaded (0ms)
			ExecutionOrderSort2 (0ms)
			AwakeInstancesAfterBackupRestoration (5ms)
Platform modules already initialized, skipping
Refreshing native plugins compatible for Editor in 1.96 ms, found 2 plugins.
Preloading 0 native plugins for Editor in 0.00 ms.
Unloading 1720 Unused Serialized files (Serialized files now loaded: 0)
Unloading 12 unused Assets / (31.7 KB). Loaded Objects now: 2257.
Memory consumption went from 81.8 MB to 81.7 MB.
Total: 2.261200 ms (FindLiveObjects: 0.129400 ms CreateObjectMapping: 0.037200 ms MarkObjects: 2.077500 ms  DeleteObjects: 0.016300 ms)

AssetImportParameters requested are different than current active one (requested -> active):
  custom:video-decoder-ogg-theora: a1e56fd34408186e4bbccfd4996cb3dc -> 
  custom:container-muxer-webm: aa71ff27fc2769a1b78a27578f13a17b -> 
  custom:container-demuxer-webm: 4f35f7cbe854078d1ac9338744f61a02 -> 
  custom:video-encoder-webm-vp8: eb34c28f22e8b96e1ab97ce403110664 -> 
  custom:audio-encoder-webm-vorbis: bf7c407c2cedff20999df2af8eb42d56 -> 
  custom:framework-win-MediaFoundation: 216162199b28c13a410421893ffa2e32 -> 
  custom:container-demuxer-ogg: 62fdf1f143b41e24485cea50d1cbac27 -> 
  custom:video-decoder-webm-vp8: 9c59270c3fd7afecdb556c50c9e8de78 -> 
  custom:audio-decoder-ogg-vorbis: bf7c407c2cedff20999df2af8eb42d56 -> 
========================================================================
Received Prepare
Registering precompiled user dll's ...
Registered in 0.002720 seconds.
Begin MonoManager ReloadAssembly
Native extension for WindowsStandalone target not found
Refreshing native plugins compatible for Editor in 0.41 ms, found 2 plugins.
Preloading 0 native plugins for Editor in 0.00 ms.
Mono: successfully reloaded assembly
- Completed reload, in  0.605 seconds
Domain Reload Profiling:
	ReloadAssembly (605ms)
		BeginReloadAssembly (96ms)
			ExecutionOrderSort (0ms)
			DisableScriptedObjects (4ms)
			BackupInstance (0ms)
			ReleaseScriptingObjects (0ms)
			CreateAndSetChildDomain (29ms)
		EndReloadAssembly (445ms)
			LoadAssemblies (49ms)
			RebuildTransferFunctionScriptingTraits (0ms)
			SetupTypeCache (122ms)
			ReleaseScriptCaches (1ms)
			RebuildScriptCaches (31ms)
			SetupLoadedEditorAssemblies (214ms)
				LogAssemblyErrors (0ms)
				InitializePlatformSupportModulesInManaged (10ms)
				SetLoadedEditorAssemblies (0ms)
				RefreshPlugins (0ms)
				BeforeProcessingInitializeOnLoad (37ms)
				ProcessInitializeOnLoadAttributes (144ms)
				ProcessInitializeOnLoadMethodAttributes (19ms)
				AfterProcessingInitializeOnLoad (2ms)
				EditorAssembliesLoaded (0ms)
			ExecutionOrderSort2 (0ms)
			AwakeInstancesAfterBackupRestoration (4ms)
Platform modules already initialized, skipping
Refreshing native plugins compatible for Editor in 1.73 ms, found 2 plugins.
Preloading 0 native plugins for Editor in 0.00 ms.
Unloading 1720 Unused Serialized files (Serialized files now loaded: 0)
Unloading 12 unused Assets / (31.8 KB). Loaded Objects now: 2260.
Memory consumption went from 81.8 MB to 81.7 MB.
Total: 2.180200 ms (FindLiveObjects: 0.157200 ms CreateObjectMapping: 0.033900 ms MarkObjects: 1.972600 ms  DeleteObjects: 0.015600 ms)

AssetImportParameters requested are different than current active one (requested -> active):
  custom:video-decoder-ogg-theora: a1e56fd34408186e4bbccfd4996cb3dc -> 
  custom:container-muxer-webm: aa71ff27fc2769a1b78a27578f13a17b -> 
  custom:container-demuxer-webm: 4f35f7cbe854078d1ac9338744f61a02 -> 
  custom:video-encoder-webm-vp8: eb34c28f22e8b96e1ab97ce403110664 -> 
  custom:audio-encoder-webm-vorbis: bf7c407c2cedff20999df2af8eb42d56 -> 
  custom:framework-win-MediaFoundation: 216162199b28c13a410421893ffa2e32 -> 
  custom:container-demuxer-ogg: 62fdf1f143b41e24485cea50d1cbac27 -> 
  custom:video-decoder-webm-vp8: 9c59270c3fd7afecdb556c50c9e8de78 -> 
  custom:audio-decoder-ogg-vorbis: bf7c407c2cedff20999df2af8eb42d56 -> 
========================================================================
Received Import Request.
  Time since last request: 605.632078 seconds.
  path: Assets/Obj_ProtoHandheldTransmitter001.fbx
  artifactKey: Guid(31eb42d3294f3214ea0c99935e594c02) Importer(815301076,1909f56bfc062723c751e8b465ee728b)
Start importing Assets/Obj_ProtoHandheldTransmitter001.fbx using Guid(31eb42d3294f3214ea0c99935e594c02) Importer(815301076,1909f56bfc062723c751e8b465ee728b)  -> (artifact id: 'c539de79c57d8a4f65f2e98602b073d3') in 0.272546 seconds 
========================================================================
Received Prepare
Registering precompiled user dll's ...
Registered in 0.002761 seconds.
Begin MonoManager ReloadAssembly
Native extension for WindowsStandalone target not found
Refreshing native plugins compatible for Editor in 0.40 ms, found 2 plugins.
Preloading 0 native plugins for Editor in 0.00 ms.
Mono: successfully reloaded assembly
- Completed reload, in  0.621 seconds
Domain Reload Profiling:
	ReloadAssembly (621ms)
		BeginReloadAssembly (98ms)
			ExecutionOrderSort (0ms)
			DisableScriptedObjects (3ms)
			BackupInstance (0ms)
			ReleaseScriptingObjects (0ms)
			CreateAndSetChildDomain (31ms)
		EndReloadAssembly (458ms)
			LoadAssemblies (53ms)
			RebuildTransferFunctionScriptingTraits (0ms)
			SetupTypeCache (121ms)
			ReleaseScriptCaches (1ms)
			RebuildScriptCaches (27ms)
			SetupLoadedEditorAssemblies (223ms)
				LogAssemblyErrors (0ms)
				InitializePlatformSupportModulesInManaged (9ms)
				SetLoadedEditorAssemblies (0ms)
				RefreshPlugins (0ms)
				BeforeProcessingInitializeOnLoad (40ms)
				ProcessInitializeOnLoadAttributes (149ms)
				ProcessInitializeOnLoadMethodAttributes (21ms)
				AfterProcessingInitializeOnLoad (3ms)
				EditorAssembliesLoaded (0ms)
			ExecutionOrderSort2 (0ms)
			AwakeInstancesAfterBackupRestoration (5ms)
Platform modules already initialized, skipping
Refreshing native plugins compatible for Editor in 1.93 ms, found 2 plugins.
Preloading 0 native plugins for Editor in 0.00 ms.
Unloading 1720 Unused Serialized files (Serialized files now loaded: 0)
Unloading 12 unused Assets / (31.8 KB). Loaded Objects now: 2267.
Memory consumption went from 81.9 MB to 81.9 MB.
Total: 3.738100 ms (FindLiveObjects: 0.236100 ms CreateObjectMapping: 0.047900 ms MarkObjects: 3.428600 ms  DeleteObjects: 0.024500 ms)

AssetImportParameters requested are different than current active one (requested -> active):
  custom:video-decoder-ogg-theora: a1e56fd34408186e4bbccfd4996cb3dc -> 
  custom:container-muxer-webm: aa71ff27fc2769a1b78a27578f13a17b -> 
  custom:container-demuxer-webm: 4f35f7cbe854078d1ac9338744f61a02 -> 
  custom:video-encoder-webm-vp8: eb34c28f22e8b96e1ab97ce403110664 -> 
  custom:audio-encoder-webm-vorbis: bf7c407c2cedff20999df2af8eb42d56 -> 
  custom:framework-win-MediaFoundation: 216162199b28c13a410421893ffa2e32 -> 
  custom:container-demuxer-ogg: 62fdf1f143b41e24485cea50d1cbac27 -> 
  custom:video-decoder-webm-vp8: 9c59270c3fd7afecdb556c50c9e8de78 -> 
  custom:audio-decoder-ogg-vorbis: bf7c407c2cedff20999df2af8eb42d56 -> 
========================================================================
Received Prepare
Registering precompiled user dll's ...
Registered in 0.002572 seconds.
Begin MonoManager ReloadAssembly
Native extension for WindowsStandalone target not found
Refreshing native plugins compatible for Editor in 0.35 ms, found 2 plugins.
Preloading 0 native plugins for Editor in 0.00 ms.
Mono: successfully reloaded assembly
- Completed reload, in  0.623 seconds
Domain Reload Profiling:
	ReloadAssembly (623ms)
		BeginReloadAssembly (98ms)
			ExecutionOrderSort (0ms)
			DisableScriptedObjects (4ms)
			BackupInstance (0ms)
			ReleaseScriptingObjects (0ms)
			CreateAndSetChildDomain (26ms)
		EndReloadAssembly (459ms)
			LoadAssemblies (57ms)
			RebuildTransferFunctionScriptingTraits (0ms)
			SetupTypeCache (133ms)
			ReleaseScriptCaches (1ms)
			RebuildScriptCaches (30ms)
			SetupLoadedEditorAssemblies (213ms)
				LogAssemblyErrors (0ms)
				InitializePlatformSupportModulesInManaged (8ms)
				SetLoadedEditorAssemblies (0ms)
				RefreshPlugins (0ms)
				BeforeProcessingInitializeOnLoad (41ms)
				ProcessInitializeOnLoadAttributes (138ms)
				ProcessInitializeOnLoadMethodAttributes (23ms)
				AfterProcessingInitializeOnLoad (2ms)
				EditorAssembliesLoaded (0ms)
			ExecutionOrderSort2 (0ms)
			AwakeInstancesAfterBackupRestoration (5ms)
Platform modules already initialized, skipping
Refreshing native plugins compatible for Editor in 2.12 ms, found 2 plugins.
Preloading 0 native plugins for Editor in 0.00 ms.
Unloading 1720 Unused Serialized files (Serialized files now loaded: 0)
Unloading 12 unused Assets / (31.8 KB). Loaded Objects now: 2270.
Memory consumption went from 81.9 MB to 81.9 MB.
Total: 2.726000 ms (FindLiveObjects: 0.135400 ms CreateObjectMapping: 0.034600 ms MarkObjects: 2.538600 ms  DeleteObjects: 0.016700 ms)

AssetImportParameters requested are different than current active one (requested -> active):
  custom:video-decoder-ogg-theora: a1e56fd34408186e4bbccfd4996cb3dc -> 
  custom:container-muxer-webm: aa71ff27fc2769a1b78a27578f13a17b -> 
  custom:container-demuxer-webm: 4f35f7cbe854078d1ac9338744f61a02 -> 
  custom:video-encoder-webm-vp8: eb34c28f22e8b96e1ab97ce403110664 -> 
  custom:audio-encoder-webm-vorbis: bf7c407c2cedff20999df2af8eb42d56 -> 
  custom:framework-win-MediaFoundation: 216162199b28c13a410421893ffa2e32 -> 
  custom:container-demuxer-ogg: 62fdf1f143b41e24485cea50d1cbac27 -> 
  custom:video-decoder-webm-vp8: 9c59270c3fd7afecdb556c50c9e8de78 -> 
  custom:audio-decoder-ogg-vorbis: bf7c407c2cedff20999df2af8eb42d56 -> 
========================================================================
Received Prepare
Registering precompiled user dll's ...
Registered in 0.002637 seconds.
Begin MonoManager ReloadAssembly
Native extension for WindowsStandalone target not found
Refreshing native plugins compatible for Editor in 0.34 ms, found 2 plugins.
Preloading 0 native plugins for Editor in 0.00 ms.
Mono: successfully reloaded assembly
- Completed reload, in  0.610 seconds
Domain Reload Profiling:
	ReloadAssembly (610ms)
		BeginReloadAssembly (93ms)
			ExecutionOrderSort (0ms)
			DisableScriptedObjects (4ms)
			BackupInstance (0ms)
			ReleaseScriptingObjects (0ms)
			CreateAndSetChildDomain (28ms)
		EndReloadAssembly (452ms)
			LoadAssemblies (50ms)
			RebuildTransferFunctionScriptingTraits (0ms)
			SetupTypeCache (125ms)
			ReleaseScriptCaches (1ms)
			RebuildScriptCaches (34ms)
			SetupLoadedEditorAssemblies (211ms)
				LogAssemblyErrors (0ms)
				InitializePlatformSupportModulesInManaged (11ms)
				SetLoadedEditorAssemblies (0ms)
				RefreshPlugins (0ms)
				BeforeProcessingInitializeOnLoad (37ms)
				ProcessInitializeOnLoadAttributes (136ms)
				ProcessInitializeOnLoadMethodAttributes (23ms)
				AfterProcessingInitializeOnLoad (2ms)
				EditorAssembliesLoaded (0ms)
			ExecutionOrderSort2 (0ms)
			AwakeInstancesAfterBackupRestoration (6ms)
Platform modules already initialized, skipping
Refreshing native plugins compatible for Editor in 1.18 ms, found 2 plugins.
Preloading 0 native plugins for Editor in 0.00 ms.
Unloading 1720 Unused Serialized files (Serialized files now loaded: 0)
Unloading 12 unused Assets / (31.7 KB). Loaded Objects now: 2273.
Memory consumption went from 81.9 MB to 81.9 MB.
Total: 2.757100 ms (FindLiveObjects: 0.144000 ms CreateObjectMapping: 0.038700 ms MarkObjects: 2.550800 ms  DeleteObjects: 0.022900 ms)

AssetImportParameters requested are different than current active one (requested -> active):
  custom:video-decoder-ogg-theora: a1e56fd34408186e4bbccfd4996cb3dc -> 
  custom:container-muxer-webm: aa71ff27fc2769a1b78a27578f13a17b -> 
  custom:container-demuxer-webm: 4f35f7cbe854078d1ac9338744f61a02 -> 
  custom:video-encoder-webm-vp8: eb34c28f22e8b96e1ab97ce403110664 -> 
  custom:audio-encoder-webm-vorbis: bf7c407c2cedff20999df2af8eb42d56 -> 
  custom:framework-win-MediaFoundation: 216162199b28c13a410421893ffa2e32 -> 
  custom:container-demuxer-ogg: 62fdf1f143b41e24485cea50d1cbac27 -> 
  custom:video-decoder-webm-vp8: 9c59270c3fd7afecdb556c50c9e8de78 -> 
  custom:audio-decoder-ogg-vorbis: bf7c407c2cedff20999df2af8eb42d56 -> 
========================================================================
Received Import Request.
  Time since last request: 68.299199 seconds.
  path: Assets/Scenes
  artifactKey: Guid(9a826427cfee05b4f8f7de9e41f40fcd) Importer(815301076,1909f56bfc062723c751e8b465ee728b)
Start importing Assets/Scenes using Guid(9a826427cfee05b4f8f7de9e41f40fcd) Importer(815301076,1909f56bfc062723c751e8b465ee728b)  -> (artifact id: '5c20ae57dd002ca65fda557ae5273f08') in 0.007812 seconds 
========================================================================
Received Prepare
Registering precompiled user dll's ...
Registered in 0.003017 seconds.
Begin MonoManager ReloadAssembly
Native extension for WindowsStandalone target not found
Refreshing native plugins compatible for Editor in 0.40 ms, found 2 plugins.
Preloading 0 native plugins for Editor in 0.00 ms.
Mono: successfully reloaded assembly
- Completed reload, in  0.633 seconds
Domain Reload Profiling:
	ReloadAssembly (634ms)
		BeginReloadAssembly (89ms)
			ExecutionOrderSort (0ms)
			DisableScriptedObjects (4ms)
			BackupInstance (0ms)
			ReleaseScriptingObjects (0ms)
			CreateAndSetChildDomain (25ms)
		EndReloadAssembly (476ms)
			LoadAssemblies (51ms)
			RebuildTransferFunctionScriptingTraits (0ms)
			SetupTypeCache (120ms)
			ReleaseScriptCaches (1ms)
			RebuildScriptCaches (33ms)
			SetupLoadedEditorAssemblies (233ms)
				LogAssemblyErrors (0ms)
				InitializePlatformSupportModulesInManaged (9ms)
				SetLoadedEditorAssemblies (0ms)
				RefreshPlugins (0ms)
				BeforeProcessingInitializeOnLoad (42ms)
				ProcessInitializeOnLoadAttributes (154ms)
				ProcessInitializeOnLoadMethodAttributes (24ms)
				AfterProcessingInitializeOnLoad (3ms)
				EditorAssembliesLoaded (0ms)
			ExecutionOrderSort2 (0ms)
			AwakeInstancesAfterBackupRestoration (5ms)
Platform modules already initialized, skipping
Refreshing native plugins compatible for Editor in 1.07 ms, found 2 plugins.
Preloading 0 native plugins for Editor in 0.00 ms.
Unloading 1720 Unused Serialized files (Serialized files now loaded: 0)
Unloading 12 unused Assets / (31.8 KB). Loaded Objects now: 2276.
Memory consumption went from 82.0 MB to 81.9 MB.
Total: 2.989600 ms (FindLiveObjects: 0.144000 ms CreateObjectMapping: 0.033700 ms MarkObjects: 2.784800 ms  DeleteObjects: 0.026300 ms)

AssetImportParameters requested are different than current active one (requested -> active):
  custom:video-decoder-ogg-theora: a1e56fd34408186e4bbccfd4996cb3dc -> 
  custom:container-muxer-webm: aa71ff27fc2769a1b78a27578f13a17b -> 
  custom:container-demuxer-webm: 4f35f7cbe854078d1ac9338744f61a02 -> 
  custom:video-encoder-webm-vp8: eb34c28f22e8b96e1ab97ce403110664 -> 
  custom:audio-encoder-webm-vorbis: bf7c407c2cedff20999df2af8eb42d56 -> 
  custom:framework-win-MediaFoundation: 216162199b28c13a410421893ffa2e32 -> 
  custom:container-demuxer-ogg: 62fdf1f143b41e24485cea50d1cbac27 -> 
  custom:video-decoder-webm-vp8: 9c59270c3fd7afecdb556c50c9e8de78 -> 
  custom:audio-decoder-ogg-vorbis: bf7c407c2cedff20999df2af8eb42d56 -> 
========================================================================
Received Prepare
Registering precompiled user dll's ...
Registered in 0.003038 seconds.
Begin MonoManager ReloadAssembly
Native extension for WindowsStandalone target not found
Refreshing native plugins compatible for Editor in 0.39 ms, found 2 plugins.
Preloading 0 native plugins for Editor in 0.00 ms.
Mono: successfully reloaded assembly
- Completed reload, in  0.617 seconds
Domain Reload Profiling:
	ReloadAssembly (618ms)
		BeginReloadAssembly (92ms)
			ExecutionOrderSort (0ms)
			DisableScriptedObjects (4ms)
			BackupInstance (0ms)
			ReleaseScriptingObjects (0ms)
			CreateAndSetChildDomain (25ms)
		EndReloadAssembly (461ms)
			LoadAssemblies (52ms)
			RebuildTransferFunctionScriptingTraits (0ms)
			SetupTypeCache (125ms)
			ReleaseScriptCaches (1ms)
			RebuildScriptCaches (28ms)
			SetupLoadedEditorAssemblies (228ms)
				LogAssemblyErrors (0ms)
				InitializePlatformSupportModulesInManaged (9ms)
				SetLoadedEditorAssemblies (0ms)
				RefreshPlugins (0ms)
				BeforeProcessingInitializeOnLoad (42ms)
				ProcessInitializeOnLoadAttributes (151ms)
				ProcessInitializeOnLoadMethodAttributes (21ms)
				AfterProcessingInitializeOnLoad (2ms)
				EditorAssembliesLoaded (0ms)
			ExecutionOrderSort2 (0ms)
			AwakeInstancesAfterBackupRestoration (5ms)
Platform modules already initialized, skipping
Refreshing native plugins compatible for Editor in 1.18 ms, found 2 plugins.
Preloading 0 native plugins for Editor in 0.00 ms.
Unloading 1720 Unused Serialized files (Serialized files now loaded: 0)
Unloading 12 unused Assets / (31.8 KB). Loaded Objects now: 2279.
Memory consumption went from 82.0 MB to 81.9 MB.
Total: 3.589000 ms (FindLiveObjects: 0.268900 ms CreateObjectMapping: 0.048700 ms MarkObjects: 3.247200 ms  DeleteObjects: 0.023000 ms)

AssetImportParameters requested are different than current active one (requested -> active):
  custom:video-decoder-ogg-theora: a1e56fd34408186e4bbccfd4996cb3dc -> 
  custom:container-muxer-webm: aa71ff27fc2769a1b78a27578f13a17b -> 
  custom:container-demuxer-webm: 4f35f7cbe854078d1ac9338744f61a02 -> 
  custom:video-encoder-webm-vp8: eb34c28f22e8b96e1ab97ce403110664 -> 
  custom:audio-encoder-webm-vorbis: bf7c407c2cedff20999df2af8eb42d56 -> 
  custom:framework-win-MediaFoundation: 216162199b28c13a410421893ffa2e32 -> 
  custom:container-demuxer-ogg: 62fdf1f143b41e24485cea50d1cbac27 -> 
  custom:video-decoder-webm-vp8: 9c59270c3fd7afecdb556c50c9e8de78 -> 
  custom:audio-decoder-ogg-vorbis: bf7c407c2cedff20999df2af8eb42d56 -> 
========================================================================
Received Prepare
Registering precompiled user dll's ...
Registered in 0.002747 seconds.
Begin MonoManager ReloadAssembly
Native extension for WindowsStandalone target not found
Refreshing native plugins compatible for Editor in 0.43 ms, found 2 plugins.
Preloading 0 native plugins for Editor in 0.00 ms.
Mono: successfully reloaded assembly
- Completed reload, in  0.624 seconds
Domain Reload Profiling:
	ReloadAssembly (625ms)
		BeginReloadAssembly (94ms)
			ExecutionOrderSort (0ms)
			DisableScriptedObjects (5ms)
			BackupInstance (0ms)
			ReleaseScriptingObjects (0ms)
			CreateAndSetChildDomain (25ms)
		EndReloadAssembly (462ms)
			LoadAssemblies (54ms)
			RebuildTransferFunctionScriptingTraits (0ms)
			SetupTypeCache (119ms)
			ReleaseScriptCaches (1ms)
			RebuildScriptCaches (28ms)
			SetupLoadedEditorAssemblies (232ms)
				LogAssemblyErrors (0ms)
				InitializePlatformSupportModulesInManaged (8ms)
				SetLoadedEditorAssemblies (0ms)
				RefreshPlugins (0ms)
				BeforeProcessingInitializeOnLoad (39ms)
				ProcessInitializeOnLoadAttributes (155ms)
				ProcessInitializeOnLoadMethodAttributes (25ms)
				AfterProcessingInitializeOnLoad (3ms)
				EditorAssembliesLoaded (0ms)
			ExecutionOrderSort2 (0ms)
			AwakeInstancesAfterBackupRestoration (5ms)
Platform modules already initialized, skipping
Refreshing native plugins compatible for Editor in 2.31 ms, found 2 plugins.
Preloading 0 native plugins for Editor in 0.00 ms.
Unloading 1720 Unused Serialized files (Serialized files now loaded: 0)
Unloading 12 unused Assets / (31.7 KB). Loaded Objects now: 2282.
Memory consumption went from 82.0 MB to 81.9 MB.
Total: 2.298900 ms (FindLiveObjects: 0.181300 ms CreateObjectMapping: 0.033000 ms MarkObjects: 2.067900 ms  DeleteObjects: 0.016000 ms)

AssetImportParameters requested are different than current active one (requested -> active):
  custom:video-decoder-ogg-theora: a1e56fd34408186e4bbccfd4996cb3dc -> 
  custom:container-muxer-webm: aa71ff27fc2769a1b78a27578f13a17b -> 
  custom:container-demuxer-webm: 4f35f7cbe854078d1ac9338744f61a02 -> 
  custom:video-encoder-webm-vp8: eb34c28f22e8b96e1ab97ce403110664 -> 
  custom:audio-encoder-webm-vorbis: bf7c407c2cedff20999df2af8eb42d56 -> 
  custom:framework-win-MediaFoundation: 216162199b28c13a410421893ffa2e32 -> 
  custom:container-demuxer-ogg: 62fdf1f143b41e24485cea50d1cbac27 -> 
  custom:video-decoder-webm-vp8: 9c59270c3fd7afecdb556c50c9e8de78 -> 
  custom:audio-decoder-ogg-vorbis: bf7c407c2cedff20999df2af8eb42d56 -> 
========================================================================
Received Prepare
Registering precompiled user dll's ...
Registered in 0.003019 seconds.
Begin MonoManager ReloadAssembly
Native extension for WindowsStandalone target not found
Refreshing native plugins compatible for Editor in 0.39 ms, found 2 plugins.
Preloading 0 native plugins for Editor in 0.00 ms.
Mono: successfully reloaded assembly
- Completed reload, in  0.660 seconds
Domain Reload Profiling:
	ReloadAssembly (660ms)
		BeginReloadAssembly (93ms)
			ExecutionOrderSort (0ms)
			DisableScriptedObjects (5ms)
			BackupInstance (0ms)
			ReleaseScriptingObjects (0ms)
			CreateAndSetChildDomain (25ms)
		EndReloadAssembly (501ms)
			LoadAssemblies (49ms)
			RebuildTransferFunctionScriptingTraits (0ms)
			SetupTypeCache (135ms)
			ReleaseScriptCaches (1ms)
			RebuildScriptCaches (34ms)
			SetupLoadedEditorAssemblies (244ms)
				LogAssemblyErrors (0ms)
				InitializePlatformSupportModulesInManaged (9ms)
				SetLoadedEditorAssemblies (0ms)
				RefreshPlugins (0ms)
				BeforeProcessingInitializeOnLoad (44ms)
				ProcessInitializeOnLoadAttributes (164ms)
				ProcessInitializeOnLoadMethodAttributes (23ms)
				AfterProcessingInitializeOnLoad (4ms)
				EditorAssembliesLoaded (0ms)
			ExecutionOrderSort2 (0ms)
			AwakeInstancesAfterBackupRestoration (5ms)
Platform modules already initialized, skipping
Refreshing native plugins compatible for Editor in 1.57 ms, found 2 plugins.
Preloading 0 native plugins for Editor in 0.00 ms.
Unloading 1720 Unused Serialized files (Serialized files now loaded: 0)
Unloading 12 unused Assets / (31.8 KB). Loaded Objects now: 2285.
Memory consumption went from 82.0 MB to 81.9 MB.
Total: 2.153800 ms (FindLiveObjects: 0.145700 ms CreateObjectMapping: 0.033800 ms MarkObjects: 1.951300 ms  DeleteObjects: 0.022200 ms)

AssetImportParameters requested are different than current active one (requested -> active):
  custom:video-decoder-ogg-theora: a1e56fd34408186e4bbccfd4996cb3dc -> 
  custom:container-muxer-webm: aa71ff27fc2769a1b78a27578f13a17b -> 
  custom:container-demuxer-webm: 4f35f7cbe854078d1ac9338744f61a02 -> 
  custom:video-encoder-webm-vp8: eb34c28f22e8b96e1ab97ce403110664 -> 
  custom:audio-encoder-webm-vorbis: bf7c407c2cedff20999df2af8eb42d56 -> 
  custom:framework-win-MediaFoundation: 216162199b28c13a410421893ffa2e32 -> 
  custom:container-demuxer-ogg: 62fdf1f143b41e24485cea50d1cbac27 -> 
  custom:video-decoder-webm-vp8: 9c59270c3fd7afecdb556c50c9e8de78 -> 
  custom:audio-decoder-ogg-vorbis: bf7c407c2cedff20999df2af8eb42d56 -> 
========================================================================
Received Prepare
Registering precompiled user dll's ...
Registered in 0.003402 seconds.
Begin MonoManager ReloadAssembly
Could not resolve field token 0x04000219, due to: Could not load type of field 'UnityEditor.Timeline.WindowState:m_PreviewedComponents' (13) due to: Could not resolve type with token 010000ab from typeref (expected class 'UnityEngine.Experimental.Animations.IAnimationWindowPreview' in assembly 'UnityEngine.AnimationModule, Version=0.0.0.0, Culture=neutral, PublicKeyToken=null') assembly:UnityEngine.AnimationModule, Version=0.0.0.0, Culture=neutral, PublicKeyToken=null type:UnityEngine.Experimental.Animations.IAnimationWindowPreview member:(null) assembly:C:\Users\qq825\Downloads\12341\自定义按键\Library\ScriptAssemblies\Unity.Timeline.Editor.dll type:WindowState member:(null)
Could not resolve field token 0x0400021a, due to: Could not load type of field 'UnityEditor.Timeline.WindowState:m_PreviewedComponents' (13) due to: Could not resolve type with token 010000ab from typeref (expected class 'UnityEngine.Experimental.Animations.IAnimationWindowPreview' in assembly 'UnityEngine.AnimationModule, Version=0.0.0.0, Culture=neutral, PublicKeyToken=null') assembly:UnityEngine.AnimationModule, Version=0.0.0.0, Culture=neutral, PublicKeyToken=null type:UnityEngine.Experimental.Animations.IAnimationWindowPreview member:(null) assembly:C:\Users\qq825\Downloads\12341\自定义按键\Library\ScriptAssemblies\Unity.Timeline.Editor.dll type:WindowState member:(null)
Could not resolve field token 0x0400021b, due to: Could not load type of field 'UnityEditor.Timeline.WindowState:m_PreviewedComponents' (13) due to: Could not resolve type with token 010000ab from typeref (expected class 'UnityEngine.Experimental.Animations.IAnimationWindowPreview' in assembly 'UnityEngine.AnimationModule, Version=0.0.0.0, Culture=neutral, PublicKeyToken=null') assembly:UnityEngine.AnimationModule, Version=0.0.0.0, Culture=neutral, PublicKeyToken=null type:UnityEngine.Experimental.Animations.IAnimationWindowPreview member:(null) assembly:C:\Users\qq825\Downloads\12341\自定义按键\Library\ScriptAssemblies\Unity.Timeline.Editor.dll type:WindowState member:(null)
Could not resolve field token 0x0400021c, due to: Could not load type of field 'UnityEditor.Timeline.WindowState:m_PreviewedComponents' (13) due to: Could not resolve type with token 010000ab from typeref (expected class 'UnityEngine.Experimental.Animations.IAnimationWindowPreview' in assembly 'UnityEngine.AnimationModule, Version=0.0.0.0, Culture=neutral, PublicKeyToken=null') assembly:UnityEngine.AnimationModule, Version=0.0.0.0, Culture=neutral, PublicKeyToken=null type:UnityEngine.Experimental.Animations.IAnimationWindowPreview member:(null) assembly:C:\Users\qq825\Downloads\12341\自定义按键\Library\ScriptAssemblies\Unity.Timeline.Editor.dll type:WindowState member:(null)
Could not resolve field token 0x0400021d, due to: Could not load type of field 'UnityEditor.Timeline.WindowState:m_PreviewedComponents' (13) due to: Could not resolve type with token 010000ab from typeref (expected class 'UnityEngine.Experimental.Animations.IAnimationWindowPreview' in assembly 'UnityEngine.AnimationModule, Version=0.0.0.0, Culture=neutral, PublicKeyToken=null') assembly:UnityEngine.AnimationModule, Version=0.0.0.0, Culture=neutral, PublicKeyToken=null type:UnityEngine.Experimental.Animations.IAnimationWindowPreview member:(null) assembly:C:\Users\qq825\Downloads\12341\自定义按键\Library\ScriptAssemblies\Unity.Timeline.Editor.dll type:WindowState member:(null)
Could not resolve field token 0x0400021e, due to: Could not load type of field 'UnityEditor.Timeline.WindowState:m_PreviewedComponents' (13) due to: Could not resolve type with token 010000ab from typeref (expected class 'UnityEngine.Experimental.Animations.IAnimationWindowPreview' in assembly 'UnityEngine.AnimationModule, Version=0.0.0.0, Culture=neutral, PublicKeyToken=null') assembly:UnityEngine.AnimationModule, Version=0.0.0.0, Culture=neutral, PublicKeyToken=null type:UnityEngine.Experimental.Animations.IAnimationWindowPreview member:(null) assembly:C:\Users\qq825\Downloads\12341\自定义按键\Library\ScriptAssemblies\Unity.Timeline.Editor.dll type:WindowState member:(null)
Could not resolve field token 0x0400021f, due to: Could not load type of field 'UnityEditor.Timeline.WindowState:m_PreviewedComponents' (13) due to: Could not resolve type with token 010000ab from typeref (expected class 'UnityEngine.Experimental.Animations.IAnimationWindowPreview' in assembly 'UnityEngine.AnimationModule, Version=0.0.0.0, Culture=neutral, PublicKeyToken=null') assembly:UnityEngine.AnimationModule, Version=0.0.0.0, Culture=neutral, PublicKeyToken=null type:UnityEngine.Experimental.Animations.IAnimationWindowPreview member:(null) assembly:C:\Users\qq825\Downloads\12341\自定义按键\Library\ScriptAssemblies\Unity.Timeline.Editor.dll type:WindowState member:(null)
Could not resolve field token 0x04000220, due to: Could not load type of field 'UnityEditor.Timeline.WindowState:m_PreviewedComponents' (13) due to: Could not resolve type with token 010000ab from typeref (expected class 'UnityEngine.Experimental.Animations.IAnimationWindowPreview' in assembly 'UnityEngine.AnimationModule, Version=0.0.0.0, Culture=neutral, PublicKeyToken=null') assembly:UnityEngine.AnimationModule, Version=0.0.0.0, Culture=neutral, PublicKeyToken=null type:UnityEngine.Experimental.Animations.IAnimationWindowPreview member:(null) assembly:C:\Users\qq825\Downloads\12341\自定义按键\Library\ScriptAssemblies\Unity.Timeline.Editor.dll type:WindowState member:(null)
Could not resolve field token 0x04000221, due to: Could not load type of field 'UnityEditor.Timeline.WindowState:m_PreviewedComponents' (13) due to: Could not resolve type with token 010000ab from typeref (expected class 'UnityEngine.Experimental.Animations.IAnimationWindowPreview' in assembly 'UnityEngine.AnimationModule, Version=0.0.0.0, Culture=neutral, PublicKeyToken=null') assembly:UnityEngine.AnimationModule, Version=0.0.0.0, Culture=neutral, PublicKeyToken=null type:UnityEngine.Experimental.Animations.IAnimationWindowPreview member:(null) assembly:C:\Users\qq825\Downloads\12341\自定义按键\Library\ScriptAssemblies\Unity.Timeline.Editor.dll type:WindowState member:(null)
Could not resolve field token 0x04000222, due to: Could not load type of field 'UnityEditor.Timeline.WindowState:m_PreviewedComponents' (13) due to: Could not resolve type with token 010000ab from typeref (expected class 'UnityEngine.Experimental.Animations.IAnimationWindowPreview' in assembly 'UnityEngine.AnimationModule, Version=0.0.0.0, Culture=neutral, PublicKeyToken=null') assembly:UnityEngine.AnimationModule, Version=0.0.0.0, Culture=neutral, PublicKeyToken=null type:UnityEngine.Experimental.Animations.IAnimationWindowPreview member:(null) assembly:C:\Users\qq825\Downloads\12341\自定义按键\Library\ScriptAssemblies\Unity.Timeline.Editor.dll type:WindowState member:(null)
Could not resolve field token 0x04000223, due to: Could not load type of field 'UnityEditor.Timeline.WindowState:m_PreviewedComponents' (13) due to: Could not resolve type with token 010000ab from typeref (expected class 'UnityEngine.Experimental.Animations.IAnimationWindowPreview' in assembly 'UnityEngine.AnimationModule, Version=0.0.0.0, Culture=neutral, PublicKeyToken=null') assembly:UnityEngine.AnimationModule, Version=0.0.0.0, Culture=neutral, PublicKeyToken=null type:UnityEngine.Experimental.Animations.IAnimationWindowPreview member:(null) assembly:C:\Users\qq825\Downloads\12341\自定义按键\Library\ScriptAssemblies\Unity.Timeline.Editor.dll type:WindowState member:(null)
Could not resolve field token 0x04000224, due to: Could not load type of field 'UnityEditor.Timeline.WindowState:m_PreviewedComponents' (13) due to: Could not resolve type with token 010000ab from typeref (expected class 'UnityEngine.Experimental.Animations.IAnimationWindowPreview' in assembly 'UnityEngine.AnimationModule, Version=0.0.0.0, Culture=neutral, PublicKeyToken=null') assembly:UnityEngine.AnimationModule, Version=0.0.0.0, Culture=neutral, PublicKeyToken=null type:UnityEngine.Experimental.Animations.IAnimationWindowPreview member:(null) assembly:C:\Users\qq825\Downloads\12341\自定义按键\Library\ScriptAssemblies\Unity.Timeline.Editor.dll type:WindowState member:(null)
Could not resolve field token 0x04000225, due to: Could not load type of field 'UnityEditor.Timeline.WindowState:m_PreviewedComponents' (13) due to: Could not resolve type with token 010000ab from typeref (expected class 'UnityEngine.Experimental.Animations.IAnimationWindowPreview' in assembly 'UnityEngine.AnimationModule, Version=0.0.0.0, Culture=neutral, PublicKeyToken=null') assembly:UnityEngine.AnimationModule, Version=0.0.0.0, Culture=neutral, PublicKeyToken=null type:UnityEngine.Experimental.Animations.IAnimationWindowPreview member:(null) assembly:C:\Users\qq825\Downloads\12341\自定义按键\Library\ScriptAssemblies\Unity.Timeline.Editor.dll type:WindowState member:(null)
Could not resolve field token 0x04000226, due to: Could not load type of field 'UnityEditor.Timeline.WindowState:m_PreviewedComponents' (13) due to: Could not resolve type with token 010000ab from typeref (expected class 'UnityEngine.Experimental.Animations.IAnimationWindowPreview' in assembly 'UnityEngine.AnimationModule, Version=0.0.0.0, Culture=neutral, PublicKeyToken=null') assembly:UnityEngine.AnimationModule, Version=0.0.0.0, Culture=neutral, PublicKeyToken=null type:UnityEngine.Experimental.Animations.IAnimationWindowPreview member:(null) assembly:C:\Users\qq825\Downloads\12341\自定义按键\Library\ScriptAssemblies\Unity.Timeline.Editor.dll type:WindowState member:(null)
Could not resolve field token 0x04000227, due to: Could not load type of field 'UnityEditor.Timeline.WindowState:m_PreviewedComponents' (13) due to: Could not resolve type with token 010000ab from typeref (expected class 'UnityEngine.Experimental.Animations.IAnimationWindowPreview' in assembly 'UnityEngine.AnimationModule, Version=0.0.0.0, Culture=neutral, PublicKeyToken=null') assembly:UnityEngine.AnimationModule, Version=0.0.0.0, Culture=neutral, PublicKeyToken=null type:UnityEngine.Experimental.Animations.IAnimationWindowPreview member:(null) assembly:C:\Users\qq825\Downloads\12341\自定义按键\Library\ScriptAssemblies\Unity.Timeline.Editor.dll type:WindowState member:(null)
Could not resolve field token 0x04000228, due to: Could not load type of field 'UnityEditor.Timeline.WindowState:m_PreviewedComponents' (13) due to: Could not resolve type with token 010000ab from typeref (expected class 'UnityEngine.Experimental.Animations.IAnimationWindowPreview' in assembly 'UnityEngine.AnimationModule, Version=0.0.0.0, Culture=neutral, PublicKeyToken=null') assembly:UnityEngine.AnimationModule, Version=0.0.0.0, Culture=neutral, PublicKeyToken=null type:UnityEngine.Experimental.Animations.IAnimationWindowPreview member:(null) assembly:C:\Users\qq825\Downloads\12341\自定义按键\Library\ScriptAssemblies\Unity.Timeline.Editor.dll type:WindowState member:(null)
Could not resolve field token 0x04000229, due to: Could not load type of field 'UnityEditor.Timeline.WindowState:m_PreviewedComponents' (13) due to: Could not resolve type with token 010000ab from typeref (expected class 'UnityEngine.Experimental.Animations.IAnimationWindowPreview' in assembly 'UnityEngine.AnimationModule, Version=0.0.0.0, Culture=neutral, PublicKeyToken=null') assembly:UnityEngine.AnimationModule, Version=0.0.0.0, Culture=neutral, PublicKeyToken=null type:UnityEngine.Experimental.Animations.IAnimationWindowPreview member:(null) assembly:C:\Users\qq825\Downloads\12341\自定义按键\Library\ScriptAssemblies\Unity.Timeline.Editor.dll type:WindowState member:(null)
Could not resolve field token 0x040002ac, due to: Invalid type UnityEditor.Timeline.WindowState for instance field UnityEditor.Timeline.TimelineMarkerHeaderGUI:<state>k__BackingField assembly:C:\Users\qq825\Downloads\12341\自定义按键\Library\ScriptAssemblies\Unity.Timeline.Editor.dll type:TimelineMarkerHeaderGUI member:(null)
Could not resolve field token 0x040002ad, due to: Invalid type UnityEditor.Timeline.WindowState for instance field UnityEditor.Timeline.TimelineMarkerHeaderGUI:<state>k__BackingField assembly:C:\Users\qq825\Downloads\12341\自定义按键\Library\ScriptAssemblies\Unity.Timeline.Editor.dll type:TimelineMarkerHeaderGUI member:(null)
Could not resolve field token 0x040002b0, due to: Invalid type UnityEditor.Timeline.WindowState for instance field UnityEditor.Timeline.TimelineMarkerHeaderGUI:<state>k__BackingField assembly:C:\Users\qq825\Downloads\12341\自定义按键\Library\ScriptAssemblies\Unity.Timeline.Editor.dll type:TimelineMarkerHeaderGUI member:(null)
Could not resolve field token 0x040002b1, due to: Invalid type UnityEditor.Timeline.WindowState for instance field UnityEditor.Timeline.TimelineWindow:<state>k__BackingField assembly:C:\Users\qq825\Downloads\12341\自定义按键\Library\ScriptAssemblies\Unity.Timeline.Editor.dll type:TimelineWindow member:(null)
Could not resolve field token 0x040002b2, due to: Invalid type UnityEditor.Timeline.WindowState for instance field UnityEditor.Timeline.TimelineWindow:<state>k__BackingField assembly:C:\Users\qq825\Downloads\12341\自定义按键\Library\ScriptAssemblies\Unity.Timeline.Editor.dll type:TimelineWindow member:(null)
Could not resolve field token 0x040002b8, due to: Invalid type UnityEditor.Timeline.WindowState for instance field UnityEditor.Timeline.TimelineWindow:<state>k__BackingField assembly:C:\Users\qq825\Downloads\12341\自定义按键\Library\ScriptAssemblies\Unity.Timeline.Editor.dll type:TimelineWindow member:(null)
Could not resolve field token 0x040002ba, due to: Invalid type UnityEditor.Timeline.WindowState for instance field UnityEditor.Timeline.TimelineWindow:<state>k__BackingField assembly:C:\Users\qq825\Downloads\12341\自定义按键\Library\ScriptAssemblies\Unity.Timeline.Editor.dll type:TimelineWindow member:(null)
Could not resolve field token 0x040002bb, due to: Invalid type UnityEditor.Timeline.WindowState for instance field UnityEditor.Timeline.TimelineWindow:<state>k__BackingField assembly:C:\Users\qq825\Downloads\12341\自定义按键\Library\ScriptAssemblies\Unity.Timeline.Editor.dll type:TimelineWindow member:(null)
Could not resolve field token 0x040002bc, due to: Invalid type UnityEditor.Timeline.WindowState for instance field UnityEditor.Timeline.TimelineWindow:<state>k__BackingField assembly:C:\Users\qq825\Downloads\12341\自定义按键\Library\ScriptAssemblies\Unity.Timeline.Editor.dll type:TimelineWindow member:(null)
Could not resolve field token 0x040002bd, due to: Invalid type UnityEditor.Timeline.WindowState for instance field UnityEditor.Timeline.TimelineWindow:<state>k__BackingField assembly:C:\Users\qq825\Downloads\12341\自定义按键\Library\ScriptAssemblies\Unity.Timeline.Editor.dll type:TimelineWindow member:(null)
Could not resolve field token 0x040002be, due to: Invalid type UnityEditor.Timeline.WindowState for instance field UnityEditor.Timeline.TimelineWindow:<state>k__BackingField assembly:C:\Users\qq825\Downloads\12341\自定义按键\Library\ScriptAssemblies\Unity.Timeline.Editor.dll type:TimelineWindow member:(null)
Could not resolve field token 0x040002c3, due to: Invalid type UnityEditor.Timeline.WindowState for instance field UnityEditor.Timeline.TimelineWindow:<state>k__BackingField assembly:C:\Users\qq825\Downloads\12341\自定义按键\Library\ScriptAssemblies\Unity.Timeline.Editor.dll type:TimelineWindow member:(null)
Could not resolve field token 0x040002d7, due to: Invalid type UnityEditor.Timeline.WindowState for instance field UnityEditor.Timeline.TimelineWindow:<state>k__BackingField assembly:C:\Users\qq825\Downloads\12341\自定义按键\Library\ScriptAssemblies\Unity.Timeline.Editor.dll type:TimelineWindow member:(null)
Could not resolve field token 0x040002d8, due to: Invalid type UnityEditor.Timeline.WindowState for instance field UnityEditor.Timeline.TimelineWindow:<state>k__BackingField assembly:C:\Users\qq825\Downloads\12341\自定义按键\Library\ScriptAssemblies\Unity.Timeline.Editor.dll type:TimelineWindow member:(null)
Could not resolve field token 0x040002dd, due to: Invalid type UnityEditor.Timeline.WindowState for instance field UnityEditor.Timeline.TimelineWindow:<state>k__BackingField assembly:C:\Users\qq825\Downloads\12341\自定义按键\Library\ScriptAssemblies\Unity.Timeline.Editor.dll type:TimelineWindow member:(null)
Could not resolve field token 0x040003d4, due to: Invalid type UnityEditor.Timeline.WindowState for instance field UnityEditor.Timeline.TrackDrawer:<sequencerState>k__BackingField assembly:C:\Users\qq825\Downloads\12341\自定义按键\Library\ScriptAssemblies\Unity.Timeline.Editor.dll type:TrackDrawer member:(null)
Could not resolve field token 0x040003d5, due to: Invalid type UnityEditor.Timeline.WindowState for instance field UnityEditor.Timeline.TrackDrawer:<sequencerState>k__BackingField assembly:C:\Users\qq825\Downloads\12341\自定义按键\Library\ScriptAssemblies\Unity.Timeline.Editor.dll type:TrackDrawer member:(null)
Could not resolve field token 0x0400043b, due to: Invalid type UnityEditor.Timeline.TimelineWindow for instance field UnityEditor.Timeline.TimelineDataSource:m_TimelineWindow assembly:C:\Users\qq825\Downloads\12341\自定义按键\Library\ScriptAssemblies\Unity.Timeline.Editor.dll type:TimelineDataSource member:(null)
Could not resolve field token 0x04000443, due to: Could not set up parent class, due to: Invalid type UnityEditor.Timeline.TrackDrawer for instance field UnityEditor.Timeline.TimelineTrackBaseGUI:m_Drawer assembly:C:\Users\qq825\Downloads\12341\自定义按键\Library\ScriptAssemblies\Unity.Timeline.Editor.dll type:TimelineTrackBaseGUI member:(null) assembly:C:\Users\qq825\Downloads\12341\自定义按键\Library\ScriptAssemblies\Unity.Timeline.Editor.dll type:TimelineGroupGUI member:(null)
Could not resolve field token 0x04000444, due to: Could not set up parent class, due to: Invalid type UnityEditor.Timeline.TrackDrawer for instance field UnityEditor.Timeline.TimelineTrackBaseGUI:m_Drawer assembly:C:\Users\qq825\Downloads\12341\自定义按键\Library\ScriptAssemblies\Unity.Timeline.Editor.dll type:TimelineTrackBaseGUI member:(null) assembly:C:\Users\qq825\Downloads\12341\自定义按键\Library\ScriptAssemblies\Unity.Timeline.Editor.dll type:TimelineGroupGUI member:(null)
Could not resolve field token 0x04000445, due to: Could not set up parent class, due to: Invalid type UnityEditor.Timeline.TrackDrawer for instance field UnityEditor.Timeline.TimelineTrackBaseGUI:m_Drawer assembly:C:\Users\qq825\Downloads\12341\自定义按键\Library\ScriptAssemblies\Unity.Timeline.Editor.dll type:TimelineTrackBaseGUI member:(null) assembly:C:\Users\qq825\Downloads\12341\自定义按键\Library\ScriptAssemblies\Unity.Timeline.Editor.dll type:TimelineGroupGUI member:(null)
Could not resolve field token 0x0400044a, due to: Invalid type UnityEditor.Timeline.TrackDrawer for instance field UnityEditor.Timeline.TimelineTrackBaseGUI:m_Drawer assembly:C:\Users\qq825\Downloads\12341\自定义按键\Library\ScriptAssemblies\Unity.Timeline.Editor.dll type:TimelineTrackBaseGUI member:(null)
Could not resolve field token 0x0400044b, due to: Invalid type UnityEditor.Timeline.TrackDrawer for instance field UnityEditor.Timeline.TimelineTrackBaseGUI:m_Drawer assembly:C:\Users\qq825\Downloads\12341\自定义按键\Library\ScriptAssemblies\Unity.Timeline.Editor.dll type:TimelineTrackBaseGUI member:(null)
Could not resolve field token 0x0400044c, due to: Invalid type UnityEditor.Timeline.TrackDrawer for instance field UnityEditor.Timeline.TimelineTrackBaseGUI:m_Drawer assembly:C:\Users\qq825\Downloads\12341\自定义按键\Library\ScriptAssemblies\Unity.Timeline.Editor.dll type:TimelineTrackBaseGUI member:(null)
Could not resolve field token 0x0400044d, due to: Invalid type UnityEditor.Timeline.TrackDrawer for instance field UnityEditor.Timeline.TimelineTrackBaseGUI:m_Drawer assembly:C:\Users\qq825\Downloads\12341\自定义按键\Library\ScriptAssemblies\Unity.Timeline.Editor.dll type:TimelineTrackBaseGUI member:(null)
Could not resolve field token 0x0400044e, due to: Invalid type UnityEditor.Timeline.TrackDrawer for instance field UnityEditor.Timeline.TimelineTrackBaseGUI:m_Drawer assembly:C:\Users\qq825\Downloads\12341\自定义按键\Library\ScriptAssemblies\Unity.Timeline.Editor.dll type:TimelineTrackBaseGUI member:(null)
Could not resolve field token 0x0400044f, due to: Invalid type UnityEditor.Timeline.TrackDrawer for instance field UnityEditor.Timeline.TimelineTrackBaseGUI:m_Drawer assembly:C:\Users\qq825\Downloads\12341\自定义按键\Library\ScriptAssemblies\Unity.Timeline.Editor.dll type:TimelineTrackBaseGUI member:(null)
Could not resolve field token 0x04000450, due to: Invalid type UnityEditor.Timeline.TrackDrawer for instance field UnityEditor.Timeline.TimelineTrackBaseGUI:m_Drawer assembly:C:\Users\qq825\Downloads\12341\自定义按键\Library\ScriptAssemblies\Unity.Timeline.Editor.dll type:TimelineTrackBaseGUI member:(null)
Could not resolve field token 0x04000451, due to: Invalid type UnityEditor.Timeline.TrackDrawer for instance field UnityEditor.Timeline.TimelineTrackBaseGUI:m_Drawer assembly:C:\Users\qq825\Downloads\12341\自定义按键\Library\ScriptAssemblies\Unity.Timeline.Editor.dll type:TimelineTrackBaseGUI member:(null)
Could not resolve field token 0x04000452, due to: Invalid type UnityEditor.Timeline.TrackDrawer for instance field UnityEditor.Timeline.TimelineTrackBaseGUI:m_Drawer assembly:C:\Users\qq825\Downloads\12341\自定义按键\Library\ScriptAssemblies\Unity.Timeline.Editor.dll type:TimelineTrackBaseGUI member:(null)
Could not resolve field token 0x04000464, due to: Could not set up parent class, due to: Could not set up parent class, due to: Invalid type UnityEditor.Timeline.TrackDrawer for instance field UnityEditor.Timeline.TimelineTrackBaseGUI:m_Drawer assembly:C:\Users\qq825\Downloads\12341\自定义按键\Library\ScriptAssemblies\Unity.Timeline.Editor.dll type:TimelineTrackBaseGUI member:(null) assembly:C:\Users\qq825\Downloads\12341\自定义按键\Library\ScriptAssemblies\Unity.Timeline.Editor.dll type:TimelineGroupGUI member:(null) assembly:C:\Users\qq825\Downloads\12341\自定义按键\Library\ScriptAssemblies\Unity.Timeline.Editor.dll type:TimelineTrackGUI member:(null)
Could not resolve field token 0x04000465, due to: Could not set up parent class, due to: Could not set up parent class, due to: Invalid type UnityEditor.Timeline.TrackDrawer for instance field UnityEditor.Timeline.TimelineTrackBaseGUI:m_Drawer assembly:C:\Users\qq825\Downloads\12341\自定义按键\Library\ScriptAssemblies\Unity.Timeline.Editor.dll type:TimelineTrackBaseGUI member:(null) assembly:C:\Users\qq825\Downloads\12341\自定义按键\Library\ScriptAssemblies\Unity.Timeline.Editor.dll type:TimelineGroupGUI member:(null) assembly:C:\Users\qq825\Downloads\12341\自定义按键\Library\ScriptAssemblies\Unity.Timeline.Editor.dll type:TimelineTrackGUI member:(null)
Could not resolve field token 0x04000471, due to: Invalid type UnityEditor.Timeline.WindowState for instance field UnityEditor.Timeline.TimelineTreeView:m_State assembly:C:\Users\qq825\Downloads\12341\自定义按键\Library\ScriptAssemblies\Unity.Timeline.Editor.dll type:TimelineTreeView member:(null)
Could not resolve field token 0x04000472, due to: Invalid type UnityEditor.Timeline.WindowState for instance field UnityEditor.Timeline.TimelineTreeView:m_State assembly:C:\Users\qq825\Downloads\12341\自定义按键\Library\ScriptAssemblies\Unity.Timeline.Editor.dll type:TimelineTreeView member:(null)
Could not resolve field token 0x04000473, due to: Invalid type UnityEditor.Timeline.WindowState for instance field UnityEditor.Timeline.TimelineTreeView:m_State assembly:C:\Users\qq825\Downloads\12341\自定义按键\Library\ScriptAssemblies\Unity.Timeline.Editor.dll type:TimelineTreeView member:(null)
Could not load signature of TMPro.TMP_FontAsset:get_faceInfo due to: Could not load file or assembly 'UnityEngine.TextCoreModule, Version=0.0.0.0, Culture=neutral, PublicKeyToken=null' or one of its dependencies.
Could not load signature of TMPro.TMP_FontAsset:set_faceInfo due to: Could not load file or assembly 'UnityEngine.TextCoreModule, Version=0.0.0.0, Culture=neutral, PublicKeyToken=null' or one of its dependencies.
Could not load signature of TMPro.TMP_FontAsset:get_glyphTable due to: Could not load file or assembly 'UnityEngine.TextCoreModule, Version=0.0.0.0, Culture=neutral, PublicKeyToken=null' or one of its dependencies.
Could not load signature of TMPro.TMP_FontAsset:set_glyphTable due to: Could not load file or assembly 'UnityEngine.TextCoreModule, Version=0.0.0.0, Culture=neutral, PublicKeyToken=null' or one of its dependencies.
Could not load signature of TMPro.TMP_FontAsset:get_glyphLookupTable due to: Could not load file or assembly 'UnityEngine.TextCoreModule, Version=0.0.0.0, Culture=neutral, PublicKeyToken=null' or one of its dependencies.
Could not load signature of TMPro.TMP_FontAsset:get_usedGlyphRects due to: Could not load file or assembly 'UnityEngine.TextCoreModule, Version=0.0.0.0, Culture=neutral, PublicKeyToken=null' or one of its dependencies.
Could not load signature of TMPro.TMP_FontAsset:set_usedGlyphRects due to: Could not load file or assembly 'UnityEngine.TextCoreModule, Version=0.0.0.0, Culture=neutral, PublicKeyToken=null' or one of its dependencies.
Could not load signature of TMPro.TMP_FontAsset:get_freeGlyphRects due to: Could not load file or assembly 'UnityEngine.TextCoreModule, Version=0.0.0.0, Culture=neutral, PublicKeyToken=null' or one of its dependencies.
Could not load signature of TMPro.TMP_FontAsset:set_freeGlyphRects due to: Could not load file or assembly 'UnityEngine.TextCoreModule, Version=0.0.0.0, Culture=neutral, PublicKeyToken=null' or one of its dependencies.
Could not load signature of TMPro.TMP_FontAsset:get_atlasRenderMode due to: Could not load file or assembly 'UnityEngine.TextCoreModule, Version=0.0.0.0, Culture=neutral, PublicKeyToken=null' or one of its dependencies.
Could not load signature of TMPro.TMP_FontAsset:set_atlasRenderMode due to: Could not load file or assembly 'UnityEngine.TextCoreModule, Version=0.0.0.0, Culture=neutral, PublicKeyToken=null' or one of its dependencies.
Could not load signature of TMPro.TMP_FontAsset:CreateFontAsset due to: Could not load file or assembly 'UnityEngine.TextCoreModule, Version=0.0.0.0, Culture=neutral, PublicKeyToken=null' or one of its dependencies.
Could not load signature of TMPro.TMP_SpriteAsset:get_faceInfo due to: Could not load file or assembly 'UnityEngine.TextCoreModule, Version=0.0.0.0, Culture=neutral, PublicKeyToken=null' or one of its dependencies.
Could not load signature of TMPro.TMP_SpriteAsset:set_faceInfo due to: Could not load file or assembly 'UnityEngine.TextCoreModule, Version=0.0.0.0, Culture=neutral, PublicKeyToken=null' or one of its dependencies.
Unloading broken assembly Library/ScriptAssemblies/Unity.CollabProxy.Editor.dll, this assembly can cause crashes in the runtime
Unloading broken assembly Library/ScriptAssemblies/Unity.TextMeshPro.dll, this assembly can cause crashes in the runtime
Native extension for WindowsStandalone target not found
Refreshing native plugins compatible for Editor in 0.47 ms, found 2 plugins.
Preloading 0 native plugins for Editor in 0.00 ms.
Mono: successfully reloaded assembly
- Completed reload, in  0.609 seconds
Domain Reload Profiling:
	ReloadAssembly (609ms)
		BeginReloadAssembly (100ms)
			ExecutionOrderSort (0ms)
			DisableScriptedObjects (5ms)
			BackupInstance (0ms)
			ReleaseScriptingObjects (0ms)
			CreateAndSetChildDomain (30ms)
		EndReloadAssembly (440ms)
			LoadAssemblies (55ms)
			RebuildTransferFunctionScriptingTraits (0ms)
			SetupTypeCache (128ms)
			ReleaseScriptCaches (1ms)
			RebuildScriptCaches (29ms)
			SetupLoadedEditorAssemblies (201ms)
				LogAssemblyErrors (0ms)
				InitializePlatformSupportModulesInManaged (9ms)
				SetLoadedEditorAssemblies (0ms)
				RefreshPlugins (1ms)
				BeforeProcessingInitializeOnLoad (39ms)
				ProcessInitializeOnLoadAttributes (131ms)
				ProcessInitializeOnLoadMethodAttributes (19ms)
				AfterProcessingInitializeOnLoad (2ms)
				EditorAssembliesLoaded (0ms)
			ExecutionOrderSort2 (0ms)
			AwakeInstancesAfterBackupRestoration (4ms)
Platform modules already initialized, skipping
Could not load signature of TMPro.TMP_FontAsset:get_faceInfo due to: Could not load file or assembly 'UnityEngine.TextCoreModule, Version=0.0.0.0, Culture=neutral, PublicKeyToken=null' or one of its dependencies.
Could not load signature of TMPro.TMP_FontAsset:set_faceInfo due to: Could not load file or assembly 'UnityEngine.TextCoreModule, Version=0.0.0.0, Culture=neutral, PublicKeyToken=null' or one of its dependencies.
Could not load signature of TMPro.TMP_FontAsset:get_glyphTable due to: Could not load file or assembly 'UnityEngine.TextCoreModule, Version=0.0.0.0, Culture=neutral, PublicKeyToken=null' or one of its dependencies.
Could not load signature of TMPro.TMP_FontAsset:set_glyphTable due to: Could not load file or assembly 'UnityEngine.TextCoreModule, Version=0.0.0.0, Culture=neutral, PublicKeyToken=null' or one of its dependencies.
Could not load signature of TMPro.TMP_FontAsset:get_glyphLookupTable due to: Could not load file or assembly 'UnityEngine.TextCoreModule, Version=0.0.0.0, Culture=neutral, PublicKeyToken=null' or one of its dependencies.
Could not load signature of TMPro.TMP_FontAsset:get_usedGlyphRects due to: Could not load file or assembly 'UnityEngine.TextCoreModule, Version=0.0.0.0, Culture=neutral, PublicKeyToken=null' or one of its dependencies.
Could not load signature of TMPro.TMP_FontAsset:set_usedGlyphRects due to: Could not load file or assembly 'UnityEngine.TextCoreModule, Version=0.0.0.0, Culture=neutral, PublicKeyToken=null' or one of its dependencies.
Could not load signature of TMPro.TMP_FontAsset:get_freeGlyphRects due to: Could not load file or assembly 'UnityEngine.TextCoreModule, Version=0.0.0.0, Culture=neutral, PublicKeyToken=null' or one of its dependencies.
Could not load signature of TMPro.TMP_FontAsset:set_freeGlyphRects due to: Could not load file or assembly 'UnityEngine.TextCoreModule, Version=0.0.0.0, Culture=neutral, PublicKeyToken=null' or one of its dependencies.
Could not load signature of TMPro.TMP_FontAsset:get_atlasRenderMode due to: Could not load file or assembly 'UnityEngine.TextCoreModule, Version=0.0.0.0, Culture=neutral, PublicKeyToken=null' or one of its dependencies.
Could not load signature of TMPro.TMP_FontAsset:set_atlasRenderMode due to: Could not load file or assembly 'UnityEngine.TextCoreModule, Version=0.0.0.0, Culture=neutral, PublicKeyToken=null' or one of its dependencies.
Could not load signature of TMPro.TMP_FontAsset:CreateFontAsset due to: Could not load file or assembly 'UnityEngine.TextCoreModule, Version=0.0.0.0, Culture=neutral, PublicKeyToken=null' or one of its dependencies.
Could not load signature of TMPro.TMP_SpriteAsset:get_faceInfo due to: Could not load file or assembly 'UnityEngine.TextCoreModule, Version=0.0.0.0, Culture=neutral, PublicKeyToken=null' or one of its dependencies.
Could not load signature of TMPro.TMP_SpriteAsset:set_faceInfo due to: Could not load file or assembly 'UnityEngine.TextCoreModule, Version=0.0.0.0, Culture=neutral, PublicKeyToken=null' or one of its dependencies.
Refreshing native plugins compatible for Editor in 2.12 ms, found 2 plugins.
Preloading 0 native plugins for Editor in 0.00 ms.
Unloading 1720 Unused Serialized files (Serialized files now loaded: 0)
Unloading 12 unused Assets / (31.8 KB). Loaded Objects now: 2287.
Memory consumption went from 82.2 MB to 82.2 MB.
Total: 2.164900 ms (FindLiveObjects: 0.162500 ms CreateObjectMapping: 0.033300 ms MarkObjects: 1.953300 ms  DeleteObjects: 0.015000 ms)

AssetImportParameters requested are different than current active one (requested -> active):
  custom:video-decoder-ogg-theora: a1e56fd34408186e4bbccfd4996cb3dc -> 
  custom:container-muxer-webm: aa71ff27fc2769a1b78a27578f13a17b -> 
  custom:container-demuxer-webm: 4f35f7cbe854078d1ac9338744f61a02 -> 
  custom:video-encoder-webm-vp8: eb34c28f22e8b96e1ab97ce403110664 -> 
  custom:audio-encoder-webm-vorbis: bf7c407c2cedff20999df2af8eb42d56 -> 
  custom:framework-win-MediaFoundation: 216162199b28c13a410421893ffa2e32 -> 
  custom:container-demuxer-ogg: 62fdf1f143b41e24485cea50d1cbac27 -> 
  custom:video-decoder-webm-vp8: 9c59270c3fd7afecdb556c50c9e8de78 -> 
  custom:audio-decoder-ogg-vorbis: bf7c407c2cedff20999df2af8eb42d56 -> 
